TN:
SF:/data/MorphoBlue/lib/chimera/src/Asserts.sol
FN:5,gt
FNDA:0,gt
FN:7,gte
FNDA:0,gte
FN:9,lt
FNDA:0,lt
FN:11,lte
FNDA:0,lte
FN:13,eq
FNDA:0,eq
FN:15,t
FNDA:0,t
FN:17,between
FNDA:0,between
FN:19,between
FNDA:0,between
FN:21,precondition
FNDA:0,precondition
end_of_record
SF:/data/MorphoBlue/lib/chimera/src/BaseProperties.sol
end_of_record
SF:/data/MorphoBlue/lib/chimera/src/BaseSetup.sol
FN:5,setup
FNDA:0,setup
end_of_record
SF:/data/MorphoBlue/lib/chimera/src/BaseTargetFunctions.sol
end_of_record
SF:/data/MorphoBlue/lib/chimera/src/CryticAsserts.sol
DA:6,0
DA:45,203262
DA:46,13446
DA:47,13446
DA:51,9222993
DA:52,9222993
DA:53,8451402
DA:54,8451402
DA:56,771591
FN:9,gt
FNDA:0,gt
FN:16,gte
FNDA:0,gte
FN:23,lt
FNDA:0,lt
FN:30,lte
FNDA:0,lte
FN:37,eq
FNDA:0,eq
FN:44,t
FNDA:1,t
FN:51,between
FNDA:1,between
FN:59,between
FNDA:0,between
FN:70,precondition
FNDA:0,precondition
end_of_record
SF:/data/MorphoBlue/lib/chimera/src/FoundryAsserts.sol
DA:7,0
DA:29,0
DA:32,0
DA:33,0
DA:34,0
DA:35,0
DA:37,0
FN:8,gt
FNDA:0,gt
FN:12,gte
FNDA:0,gte
FN:16,lt
FNDA:0,lt
FN:20,lte
FNDA:0,lte
FN:24,eq
FNDA:0,eq
FN:28,t
FNDA:0,t
FN:32,between
FNDA:0,between
FN:40,between
FNDA:0,between
FN:51,precondition
FNDA:0,precondition
end_of_record
SF:/data/MorphoBlue/lib/chimera/src/Hevm.sol
DA:61,1670030
end_of_record
SF:/data/MorphoBlue/lib/forge-std/lib/ds-test/src/test.sol
DA:38,0
DA:42,0
DA:47,0
DA:48,0
DA:49,0
DA:51,0
DA:55,0
DA:56,0
DA:59,0
DA:61,0
DA:67,0
DA:69,0
DA:70,0
DA:75,0
DA:81,0
DA:83,0
DA:94,0
DA:95,0
DA:96,0
DA:101,0
DA:102,0
DA:103,0
DA:108,0
DA:109,0
DA:110,0
DA:111,0
DA:112,0
DA:116,0
DA:117,0
DA:118,0
DA:123,0
DA:124,0
DA:125,0
DA:126,0
DA:127,0
DA:131,0
DA:132,0
DA:133,0
DA:158,0
DA:159,0
DA:160,0
DA:161,0
DA:162,0
DA:166,0
DA:167,0
DA:168,0
DA:294,0
DA:295,0
DA:296,0
DA:297,0
DA:302,0
DA:303,0
DA:304,0
DA:351,0
DA:352,0
DA:353,0
DA:354,0
DA:355,0
DA:359,0
DA:360,0
DA:361,0
DA:465,0
DA:466,0
DA:467,0
DA:468,0
DA:473,0
DA:474,0
DA:475,0
FN:47,failed
FNDA:0,failed
FN:65,fail
FNDA:0,fail
FN:78,hasHEVMContext
FNDA:0,hasHEVMContext
FN:93,assertTrue
FNDA:0,assertTrue
FN:100,assertTrue
FNDA:0,assertTrue
FN:107,assertEq
FNDA:0,assertEq
FN:115,assertEq
FNDA:0,assertEq
FN:122,assertEq
FNDA:0,assertEq
FN:130,assertEq
FNDA:0,assertEq
FN:136,assertEq32
FNDA:0,assertEq32
FN:139,assertEq32
FNDA:0,assertEq32
FN:143,assertEq
FNDA:0,assertEq
FN:151,assertEq
FNDA:0,assertEq
FN:157,assertEq
FNDA:0,assertEq
FN:165,assertEq
FNDA:0,assertEq
FN:171,assertEqDecimal
FNDA:0,assertEqDecimal
FN:179,assertEqDecimal
FNDA:0,assertEqDecimal
FN:185,assertEqDecimal
FNDA:0,assertEqDecimal
FN:193,assertEqDecimal
FNDA:0,assertEqDecimal
FN:200,assertNotEq
FNDA:0,assertNotEq
FN:208,assertNotEq
FNDA:0,assertNotEq
FN:215,assertNotEq
FNDA:0,assertNotEq
FN:223,assertNotEq
FNDA:0,assertNotEq
FN:229,assertNotEq32
FNDA:0,assertNotEq32
FN:232,assertNotEq32
FNDA:0,assertNotEq32
FN:236,assertNotEq
FNDA:0,assertNotEq
FN:244,assertNotEq
FNDA:0,assertNotEq
FN:250,assertNotEq
FNDA:0,assertNotEq
FN:258,assertNotEq
FNDA:0,assertNotEq
FN:264,assertNotEqDecimal
FNDA:0,assertNotEqDecimal
FN:272,assertNotEqDecimal
FNDA:0,assertNotEqDecimal
FN:278,assertNotEqDecimal
FNDA:0,assertNotEqDecimal
FN:286,assertNotEqDecimal
FNDA:0,assertNotEqDecimal
FN:293,assertGt
FNDA:0,assertGt
FN:301,assertGt
FNDA:0,assertGt
FN:307,assertGt
FNDA:0,assertGt
FN:315,assertGt
FNDA:0,assertGt
FN:321,assertGtDecimal
FNDA:0,assertGtDecimal
FN:329,assertGtDecimal
FNDA:0,assertGtDecimal
FN:335,assertGtDecimal
FNDA:0,assertGtDecimal
FN:343,assertGtDecimal
FNDA:0,assertGtDecimal
FN:350,assertGe
FNDA:0,assertGe
FN:358,assertGe
FNDA:0,assertGe
FN:364,assertGe
FNDA:0,assertGe
FN:372,assertGe
FNDA:0,assertGe
FN:378,assertGeDecimal
FNDA:0,assertGeDecimal
FN:386,assertGeDecimal
FNDA:0,assertGeDecimal
FN:392,assertGeDecimal
FNDA:0,assertGeDecimal
FN:400,assertGeDecimal
FNDA:0,assertGeDecimal
FN:407,assertLt
FNDA:0,assertLt
FN:415,assertLt
FNDA:0,assertLt
FN:421,assertLt
FNDA:0,assertLt
FN:429,assertLt
FNDA:0,assertLt
FN:435,assertLtDecimal
FNDA:0,assertLtDecimal
FN:443,assertLtDecimal
FNDA:0,assertLtDecimal
FN:449,assertLtDecimal
FNDA:0,assertLtDecimal
FN:457,assertLtDecimal
FNDA:0,assertLtDecimal
FN:464,assertLe
FNDA:0,assertLe
FN:472,assertLe
FNDA:0,assertLe
FN:478,assertLe
FNDA:0,assertLe
FN:486,assertLe
FNDA:0,assertLe
FN:492,assertLeDecimal
FNDA:0,assertLeDecimal
FN:500,assertLeDecimal
FNDA:0,assertLeDecimal
FN:506,assertLeDecimal
FNDA:0,assertLeDecimal
FN:514,assertLeDecimal
FNDA:0,assertLeDecimal
FN:521,assertEq
FNDA:0,assertEq
FN:529,assertEq
FNDA:0,assertEq
FN:536,assertNotEq
FNDA:0,assertNotEq
FN:544,assertNotEq
FNDA:0,assertNotEq
FN:551,checkEq0
FNDA:0,checkEq0
FN:563,assertEq0
FNDA:0,assertEq0
FN:571,assertEq0
FNDA:0,assertEq0
FN:578,assertNotEq0
FNDA:0,assertNotEq0
FN:586,assertNotEq0
FNDA:0,assertNotEq0
end_of_record
SF:/data/MorphoBlue/lib/forge-std/src/Base.sol
DA:9,0
end_of_record
SF:/data/MorphoBlue/lib/forge-std/src/StdAssertions.sol
DA:21,0
DA:29,0
DA:30,0
DA:31,0
DA:32,0
DA:33,0
FN:15,fail
FNDA:0,fail
FN:20,assertFalse
FNDA:0,assertFalse
FN:24,assertFalse
FNDA:0,assertFalse
FN:28,assertEq
FNDA:0,assertEq
FN:37,assertEq
FNDA:0,assertEq
FN:44,assertEq
FNDA:0,assertEq
FN:48,assertEq
FNDA:0,assertEq
FN:52,assertEq
FNDA:0,assertEq
FN:61,assertEq
FNDA:0,assertEq
FN:70,assertEq
FNDA:0,assertEq
FN:79,assertEq
FNDA:0,assertEq
FN:86,assertEq
FNDA:0,assertEq
FN:93,assertEq
FNDA:0,assertEq
FN:101,assertEqUint
FNDA:0,assertEqUint
FN:105,assertApproxEqAbs
FNDA:0,assertApproxEqAbs
FN:118,assertApproxEqAbs
FNDA:0,assertApproxEqAbs
FN:127,assertApproxEqAbsDecimal
FNDA:0,assertApproxEqAbsDecimal
FN:140,assertApproxEqAbsDecimal
FNDA:0,assertApproxEqAbsDecimal
FN:152,assertApproxEqAbs
FNDA:0,assertApproxEqAbs
FN:165,assertApproxEqAbs
FNDA:0,assertApproxEqAbs
FN:174,assertApproxEqAbsDecimal
FNDA:0,assertApproxEqAbsDecimal
FN:187,assertApproxEqAbsDecimal
FNDA:0,assertApproxEqAbsDecimal
FN:199,assertApproxEqRel
FNDA:0,assertApproxEqRel
FN:218,assertApproxEqRel
FNDA:0,assertApproxEqRel
FN:234,assertApproxEqRelDecimal
FNDA:0,assertApproxEqRelDecimal
FN:254,assertApproxEqRelDecimal
FNDA:0,assertApproxEqRelDecimal
FN:271,assertApproxEqRel
FNDA:0,assertApproxEqRel
FN:286,assertApproxEqRel
FNDA:0,assertApproxEqRel
FN:297,assertApproxEqRelDecimal
FNDA:0,assertApproxEqRelDecimal
FN:312,assertApproxEqRelDecimal
FNDA:0,assertApproxEqRelDecimal
FN:326,assertEqCall
FNDA:0,assertEqCall
FN:330,assertEqCall
FNDA:0,assertEqCall
FN:337,assertEqCall
FNDA:0,assertEqCall
FN:344,assertEqCall
FNDA:0,assertEqCall
end_of_record
SF:/data/MorphoBlue/lib/forge-std/src/StdChains.sol
DA:66,0
FN:69,getChain
FNDA:0,getChain
FN:82,getChain
FNDA:0,getChain
FN:98,setChain
FNDA:0,setChain
FN:131,setChain
FNDA:0,setChain
FN:135,_toUpper
FNDA:0,_toUpper
FN:151,getChainWithUpdatedRpcUrl
FNDA:0,getChainWithUpdatedRpcUrl
FN:184,setFallbackToDefaultRpcUrls
FNDA:0,setFallbackToDefaultRpcUrls
FN:188,initializeStdChains
FNDA:0,initializeStdChains
FN:237,setChainWithDefaultRpcUrl
FNDA:0,setChainWithDefaultRpcUrl
end_of_record
SF:/data/MorphoBlue/lib/forge-std/src/StdCheats.sol
DA:532,0
DA:533,0
DA:534,0
DA:535,0
DA:539,0
DA:540,0
FN:209,assumeNotBlacklisted
FNDA:0,assumeNotBlacklisted
FN:233,assumeNoBlacklisted
FNDA:0,assumeNoBlacklisted
FN:237,assumeAddressIsNot
FNDA:0,assumeAddressIsNot
FN:251,assumeAddressIsNot
FNDA:0,assumeAddressIsNot
FN:256,assumeAddressIsNot
FNDA:0,assumeAddressIsNot
FN:267,assumeAddressIsNot
FNDA:0,assumeAddressIsNot
FN:284,_isPayable
FNDA:0,_isPayable
FN:305,assumePayable
FNDA:0,assumePayable
FN:309,assumeNotPayable
FNDA:0,assumeNotPayable
FN:313,assumeNotZeroAddress
FNDA:0,assumeNotZeroAddress
FN:317,assumeNotPrecompile
FNDA:0,assumeNotPrecompile
FN:321,assumeNotPrecompile
FNDA:0,assumeNotPrecompile
FN:344,assumeNotForgeAddress
FNDA:0,assumeNotForgeAddress
FN:352,readEIP1559ScriptArtifact
FNDA:0,readEIP1559ScriptArtifact
FN:372,rawToConvertedEIPTx1559s
FNDA:0,rawToConvertedEIPTx1559s
FN:380,rawToConvertedEIPTx1559
FNDA:0,rawToConvertedEIPTx1559
FN:391,rawToConvertedEIP1559Detail
FNDA:0,rawToConvertedEIP1559Detail
FN:409,readTx1559s
FNDA:0,readTx1559s
FN:416,readTx1559
FNDA:0,readTx1559
FN:425,readReceipts
FNDA:0,readReceipts
FN:432,readReceipt
FNDA:0,readReceipt
FN:440,rawToConvertedReceipts
FNDA:0,rawToConvertedReceipts
FN:448,rawToConvertedReceipt
FNDA:0,rawToConvertedReceipt
FN:466,rawToConvertedReceiptLogs
FNDA:0,rawToConvertedReceiptLogs
FN:490,deployCode
FNDA:0,deployCode
FN:500,deployCode
FNDA:0,deployCode
FN:511,deployCode
FNDA:0,deployCode
FN:521,deployCode
FNDA:0,deployCode
FN:532,makeAddrAndKey
FNDA:0,makeAddrAndKey
FN:539,makeAddr
FNDA:0,makeAddr
FN:547,destroyAccount
FNDA:0,destroyAccount
FN:558,makeAccount
FNDA:0,makeAccount
FN:562,deriveRememberKey
FNDA:0,deriveRememberKey
FN:571,_bytesToUint
FNDA:0,_bytesToUint
FN:576,isFork
FNDA:0,isFork
FN:619,_viewChainId
FNDA:0,_viewChainId
FN:628,_pureChainId
FNDA:0,_pureChainId
FN:647,skip
FNDA:0,skip
FN:651,rewind
FNDA:0,rewind
FN:656,hoax
FNDA:0,hoax
FN:661,hoax
FNDA:0,hoax
FN:666,hoax
FNDA:0,hoax
FN:671,hoax
FNDA:0,hoax
FN:677,startHoax
FNDA:0,startHoax
FN:682,startHoax
FNDA:0,startHoax
FN:689,startHoax
FNDA:0,startHoax
FN:694,startHoax
FNDA:0,startHoax
FN:699,changePrank
FNDA:0,changePrank
FN:705,changePrank
FNDA:0,changePrank
FN:712,deal
FNDA:0,deal
FN:718,deal
FNDA:0,deal
FN:724,dealERC1155
FNDA:0,dealERC1155
FN:728,deal
FNDA:0,deal
FN:749,dealERC1155
FNDA:0,dealERC1155
FN:774,dealERC721
FNDA:0,dealERC721
FN:796,deployCodeTo
FNDA:0,deployCodeTo
FN:800,deployCodeTo
FNDA:0,deployCodeTo
FN:804,deployCodeTo
FNDA:0,deployCodeTo
FN:813,console2_log_StdCheats
FNDA:0,console2_log_StdCheats
end_of_record
SF:/data/MorphoBlue/lib/forge-std/src/StdError.sol
DA:5,1
DA:6,1338
DA:7,763
DA:8,575
DA:9,449
DA:10,1781
DA:11,1776
DA:12,31175
DA:13,661
DA:14,2005
end_of_record
SF:/data/MorphoBlue/lib/forge-std/src/StdInvariant.sol
DA:54,0
DA:58,0
DA:62,0
DA:72,0
DA:73,0
DA:76,0
DA:77,0
DA:80,0
DA:81,0
DA:84,0
DA:85,0
DA:88,0
DA:89,0
DA:92,0
DA:93,0
DA:96,0
DA:97,0
DA:100,0
DA:101,0
DA:104,0
DA:105,0
FN:33,excludeContract
FNDA:0,excludeContract
FN:37,excludeSender
FNDA:0,excludeSender
FN:41,excludeArtifact
FNDA:0,excludeArtifact
FN:45,targetArtifact
FNDA:0,targetArtifact
FN:49,targetArtifactSelector
FNDA:0,targetArtifactSelector
FN:53,targetContract
FNDA:0,targetContract
FN:57,targetSelector
FNDA:0,targetSelector
FN:61,targetSender
FNDA:0,targetSender
FN:65,targetInterface
FNDA:0,targetInterface
FN:72,excludeArtifacts
FNDA:0,excludeArtifacts
FN:76,excludeContracts
FNDA:0,excludeContracts
FN:80,excludeSenders
FNDA:0,excludeSenders
FN:84,targetArtifacts
FNDA:0,targetArtifacts
FN:88,targetArtifactSelectors
FNDA:0,targetArtifactSelectors
FN:92,targetContracts
FNDA:0,targetContracts
FN:96,targetSelectors
FNDA:0,targetSelectors
FN:100,targetSenders
FNDA:0,targetSenders
FN:104,targetInterfaces
FNDA:0,targetInterfaces
end_of_record
SF:/data/MorphoBlue/lib/forge-std/src/StdJson.sol
DA:29,17615
FN:32,parseRaw
FNDA:0,parseRaw
FN:36,readUint
FNDA:0,readUint
FN:40,readUintArray
FNDA:0,readUintArray
FN:44,readInt
FNDA:0,readInt
FN:48,readIntArray
FNDA:0,readIntArray
FN:52,readBytes32
FNDA:0,readBytes32
FN:56,readBytes32Array
FNDA:0,readBytes32Array
FN:60,readString
FNDA:0,readString
FN:64,readStringArray
FNDA:0,readStringArray
FN:68,readAddress
FNDA:0,readAddress
FN:72,readAddressArray
FNDA:0,readAddressArray
FN:76,readBool
FNDA:0,readBool
FN:80,readBoolArray
FNDA:0,readBoolArray
FN:84,readBytes
FNDA:0,readBytes
FN:88,readBytesArray
FNDA:0,readBytesArray
FN:92,serialize
FNDA:0,serialize
FN:96,serialize
FNDA:0,serialize
FN:100,serialize
FNDA:0,serialize
FN:107,serialize
FNDA:0,serialize
FN:111,serialize
FNDA:0,serialize
FN:118,serialize
FNDA:0,serialize
FN:122,serialize
FNDA:0,serialize
FN:129,serialize
FNDA:0,serialize
FN:133,serialize
FNDA:0,serialize
FN:140,serialize
FNDA:0,serialize
FN:144,serialize
FNDA:0,serialize
FN:151,serialize
FNDA:0,serialize
FN:155,serialize
FNDA:0,serialize
FN:162,serialize
FNDA:0,serialize
FN:169,serialize
FNDA:0,serialize
FN:176,write
FNDA:0,write
FN:180,write
FNDA:0,write
end_of_record
SF:/data/MorphoBlue/lib/forge-std/src/StdMath.sol
DA:4,24534
FN:7,abs
FNDA:0,abs
FN:16,delta
FNDA:0,delta
FN:20,delta
FNDA:0,delta
FN:31,percentDelta
FNDA:0,percentDelta
FN:37,percentDelta
FNDA:0,percentDelta
end_of_record
SF:/data/MorphoBlue/lib/forge-std/src/StdStorage.sol
DA:16,16723
DA:234,14644
FN:22,sigs
FNDA:0,sigs
FN:32,find
FNDA:0,find
FN:111,target
FNDA:0,target
FN:116,sig
FNDA:0,sig
FN:121,sig
FNDA:0,sig
FN:126,with_key
FNDA:0,with_key
FN:131,with_key
FNDA:0,with_key
FN:136,with_key
FNDA:0,with_key
FN:141,depth
FNDA:0,depth
FN:146,read
FNDA:0,read
FN:152,read_bytes32
FNDA:0,read_bytes32
FN:156,read_bool
FNDA:0,read_bool
FN:163,read_address
FNDA:0,read_address
FN:167,read_uint
FNDA:0,read_uint
FN:171,read_int
FNDA:0,read_int
FN:175,parent
FNDA:0,parent
FN:189,root
FNDA:0,root
FN:210,bytesToBytes32
FNDA:0,bytesToBytes32
FN:220,flatten
FNDA:0,flatten
FN:237,sigs
FNDA:0,sigs
FN:241,find
FNDA:0,find
FN:245,target
FNDA:0,target
FN:249,sig
FNDA:0,sig
FN:253,sig
FNDA:0,sig
FN:257,with_key
FNDA:0,with_key
FN:261,with_key
FNDA:0,with_key
FN:265,with_key
FNDA:0,with_key
FN:269,depth
FNDA:0,depth
FN:273,checked_write
FNDA:0,checked_write
FN:277,checked_write
FNDA:0,checked_write
FN:281,checked_write_int
FNDA:0,checked_write_int
FN:285,checked_write
FNDA:0,checked_write
FN:294,checked_write
FNDA:0,checked_write
FN:326,read_bytes32
FNDA:0,read_bytes32
FN:330,read_bool
FNDA:0,read_bool
FN:334,read_address
FNDA:0,read_address
FN:338,read_uint
FNDA:0,read_uint
FN:342,read_int
FNDA:0,read_int
FN:346,parent
FNDA:0,parent
FN:350,root
FNDA:0,root
FN:355,bytesToBytes32
FNDA:0,bytesToBytes32
FN:366,flatten
FNDA:0,flatten
end_of_record
SF:/data/MorphoBlue/lib/forge-std/src/StdStyle.sol
DA:6,39105
FN:22,styleConcat
FNDA:0,styleConcat
FN:26,red
FNDA:0,red
FN:30,red
FNDA:0,red
FN:34,red
FNDA:0,red
FN:38,red
FNDA:0,red
FN:42,red
FNDA:0,red
FN:46,redBytes
FNDA:0,redBytes
FN:50,redBytes32
FNDA:0,redBytes32
FN:54,green
FNDA:0,green
FN:58,green
FNDA:0,green
FN:62,green
FNDA:0,green
FN:66,green
FNDA:0,green
FN:70,green
FNDA:0,green
FN:74,greenBytes
FNDA:0,greenBytes
FN:78,greenBytes32
FNDA:0,greenBytes32
FN:82,yellow
FNDA:0,yellow
FN:86,yellow
FNDA:0,yellow
FN:90,yellow
FNDA:0,yellow
FN:94,yellow
FNDA:0,yellow
FN:98,yellow
FNDA:0,yellow
FN:102,yellowBytes
FNDA:0,yellowBytes
FN:106,yellowBytes32
FNDA:0,yellowBytes32
FN:110,blue
FNDA:0,blue
FN:114,blue
FNDA:0,blue
FN:118,blue
FNDA:0,blue
FN:122,blue
FNDA:0,blue
FN:126,blue
FNDA:0,blue
FN:130,blueBytes
FNDA:0,blueBytes
FN:134,blueBytes32
FNDA:0,blueBytes32
FN:138,magenta
FNDA:0,magenta
FN:142,magenta
FNDA:0,magenta
FN:146,magenta
FNDA:0,magenta
FN:150,magenta
FNDA:0,magenta
FN:154,magenta
FNDA:0,magenta
FN:158,magentaBytes
FNDA:0,magentaBytes
FN:162,magentaBytes32
FNDA:0,magentaBytes32
FN:166,cyan
FNDA:0,cyan
FN:170,cyan
FNDA:0,cyan
FN:174,cyan
FNDA:0,cyan
FN:178,cyan
FNDA:0,cyan
FN:182,cyan
FNDA:0,cyan
FN:186,cyanBytes
FNDA:0,cyanBytes
FN:190,cyanBytes32
FNDA:0,cyanBytes32
FN:194,bold
FNDA:0,bold
FN:198,bold
FNDA:0,bold
FN:202,bold
FNDA:0,bold
FN:206,bold
FNDA:0,bold
FN:210,bold
FNDA:0,bold
FN:214,boldBytes
FNDA:0,boldBytes
FN:218,boldBytes32
FNDA:0,boldBytes32
FN:222,dim
FNDA:0,dim
FN:226,dim
FNDA:0,dim
FN:230,dim
FNDA:0,dim
FN:234,dim
FNDA:0,dim
FN:238,dim
FNDA:0,dim
FN:242,dimBytes
FNDA:0,dimBytes
FN:246,dimBytes32
FNDA:0,dimBytes32
FN:250,italic
FNDA:0,italic
FN:254,italic
FNDA:0,italic
FN:258,italic
FNDA:0,italic
FN:262,italic
FNDA:0,italic
FN:266,italic
FNDA:0,italic
FN:270,italicBytes
FNDA:0,italicBytes
FN:274,italicBytes32
FNDA:0,italicBytes32
FN:278,underline
FNDA:0,underline
FN:282,underline
FNDA:0,underline
FN:286,underline
FNDA:0,underline
FN:290,underline
FNDA:0,underline
FN:294,underline
FNDA:0,underline
FN:298,underlineBytes
FNDA:0,underlineBytes
FN:302,underlineBytes32
FNDA:0,underlineBytes32
FN:306,inverse
FNDA:0,inverse
FN:310,inverse
FNDA:0,inverse
FN:314,inverse
FNDA:0,inverse
FN:318,inverse
FNDA:0,inverse
FN:322,inverse
FNDA:0,inverse
FN:326,inverseBytes
FNDA:0,inverseBytes
FN:330,inverseBytes32
FNDA:0,inverseBytes32
end_of_record
SF:/data/MorphoBlue/lib/forge-std/src/StdUtils.sol
DA:18,0
DA:24,0
DA:33,0
DA:34,0
DA:37,0
DA:39,0
DA:43,0
DA:44,0
DA:47,0
DA:48,0
DA:49,0
DA:50,0
DA:51,0
DA:52,0
DA:53,0
DA:54,0
DA:55,0
DA:56,0
DA:60,0
DA:61,0
DA:62,0
DA:202,0
DA:206,0
DA:210,0
DA:211,0
DA:220,0
FN:33,_bound
FNDA:0,_bound
FN:60,bound
FNDA:0,bound
FN:65,_bound
FNDA:0,_bound
FN:85,bound
FNDA:0,bound
FN:90,boundPrivateKey
FNDA:0,boundPrivateKey
FN:94,bytesToUint
FNDA:0,bytesToUint
FN:101,computeCreateAddress
FNDA:0,computeCreateAddress
FN:106,computeCreate2Address
FNDA:0,computeCreate2Address
FN:117,computeCreate2Address
FNDA:0,computeCreate2Address
FN:123,deployMockERC20
FNDA:0,deployMockERC20
FN:132,deployMockERC721
FNDA:0,deployMockERC721
FN:139,hashInitCode
FNDA:0,hashInitCode
FN:146,hashInitCode
FNDA:0,hashInitCode
FN:151,getTokenBalances
FNDA:0,getTokenBalances
FN:184,addressFromLast20Bytes
FNDA:0,addressFromLast20Bytes
FN:191,_castLogPayloadViewToPure
FNDA:0,_castLogPayloadViewToPure
FN:201,_sendLogPayload
FNDA:0,_sendLogPayload
FN:205,_sendLogPayloadView
FNDA:0,_sendLogPayloadView
FN:215,console2_log_StdUtils
FNDA:0,console2_log_StdUtils
FN:219,console2_log_StdUtils
FNDA:0,console2_log_StdUtils
FN:223,console2_log_StdUtils
FNDA:0,console2_log_StdUtils
end_of_record
SF:/data/MorphoBlue/lib/forge-std/src/Test.sol
end_of_record
SF:/data/MorphoBlue/lib/forge-std/src/Vm.sol
end_of_record
SF:/data/MorphoBlue/lib/forge-std/src/console.sol
DA:4,22292
FN:7,_sendLogPayload
FNDA:0,_sendLogPayload
FN:17,log
FNDA:0,log
FN:21,logInt
FNDA:0,logInt
FN:25,logUint
FNDA:0,logUint
FN:29,logString
FNDA:0,logString
FN:33,logBool
FNDA:0,logBool
FN:37,logAddress
FNDA:0,logAddress
FN:41,logBytes
FNDA:0,logBytes
FN:45,logBytes1
FNDA:0,logBytes1
FN:49,logBytes2
FNDA:0,logBytes2
FN:53,logBytes3
FNDA:0,logBytes3
FN:57,logBytes4
FNDA:0,logBytes4
FN:61,logBytes5
FNDA:0,logBytes5
FN:65,logBytes6
FNDA:0,logBytes6
FN:69,logBytes7
FNDA:0,logBytes7
FN:73,logBytes8
FNDA:0,logBytes8
FN:77,logBytes9
FNDA:0,logBytes9
FN:81,logBytes10
FNDA:0,logBytes10
FN:85,logBytes11
FNDA:0,logBytes11
FN:89,logBytes12
FNDA:0,logBytes12
FN:93,logBytes13
FNDA:0,logBytes13
FN:97,logBytes14
FNDA:0,logBytes14
FN:101,logBytes15
FNDA:0,logBytes15
FN:105,logBytes16
FNDA:0,logBytes16
FN:109,logBytes17
FNDA:0,logBytes17
FN:113,logBytes18
FNDA:0,logBytes18
FN:117,logBytes19
FNDA:0,logBytes19
FN:121,logBytes20
FNDA:0,logBytes20
FN:125,logBytes21
FNDA:0,logBytes21
FN:129,logBytes22
FNDA:0,logBytes22
FN:133,logBytes23
FNDA:0,logBytes23
FN:137,logBytes24
FNDA:0,logBytes24
FN:141,logBytes25
FNDA:0,logBytes25
FN:145,logBytes26
FNDA:0,logBytes26
FN:149,logBytes27
FNDA:0,logBytes27
FN:153,logBytes28
FNDA:0,logBytes28
FN:157,logBytes29
FNDA:0,logBytes29
FN:161,logBytes30
FNDA:0,logBytes30
FN:165,logBytes31
FNDA:0,logBytes31
FN:169,logBytes32
FNDA:0,logBytes32
FN:173,log
FNDA:0,log
FN:177,log
FNDA:0,log
FN:181,log
FNDA:0,log
FN:185,log
FNDA:0,log
FN:189,log
FNDA:0,log
FN:193,log
FNDA:0,log
FN:197,log
FNDA:0,log
FN:201,log
FNDA:0,log
FN:205,log
FNDA:0,log
FN:209,log
FNDA:0,log
FN:213,log
FNDA:0,log
FN:217,log
FNDA:0,log
FN:221,log
FNDA:0,log
FN:225,log
FNDA:0,log
FN:229,log
FNDA:0,log
FN:233,log
FNDA:0,log
FN:237,log
FNDA:0,log
FN:241,log
FNDA:0,log
FN:245,log
FNDA:0,log
FN:249,log
FNDA:0,log
FN:253,log
FNDA:0,log
FN:257,log
FNDA:0,log
FN:261,log
FNDA:0,log
FN:265,log
FNDA:0,log
FN:269,log
FNDA:0,log
FN:273,log
FNDA:0,log
FN:277,log
FNDA:0,log
FN:281,log
FNDA:0,log
FN:285,log
FNDA:0,log
FN:289,log
FNDA:0,log
FN:293,log
FNDA:0,log
FN:297,log
FNDA:0,log
FN:301,log
FNDA:0,log
FN:305,log
FNDA:0,log
FN:309,log
FNDA:0,log
FN:313,log
FNDA:0,log
FN:317,log
FNDA:0,log
FN:321,log
FNDA:0,log
FN:325,log
FNDA:0,log
FN:329,log
FNDA:0,log
FN:333,log
FNDA:0,log
FN:337,log
FNDA:0,log
FN:341,log
FNDA:0,log
FN:345,log
FNDA:0,log
FN:349,log
FNDA:0,log
FN:353,log
FNDA:0,log
FN:357,log
FNDA:0,log
FN:361,log
FNDA:0,log
FN:365,log
FNDA:0,log
FN:369,log
FNDA:0,log
FN:373,log
FNDA:0,log
FN:377,log
FNDA:0,log
FN:381,log
FNDA:0,log
FN:385,log
FNDA:0,log
FN:389,log
FNDA:0,log
FN:393,log
FNDA:0,log
FN:397,log
FNDA:0,log
FN:401,log
FNDA:0,log
FN:405,log
FNDA:0,log
FN:409,log
FNDA:0,log
FN:413,log
FNDA:0,log
FN:417,log
FNDA:0,log
FN:421,log
FNDA:0,log
FN:425,log
FNDA:0,log
FN:429,log
FNDA:0,log
FN:433,log
FNDA:0,log
FN:437,log
FNDA:0,log
FN:441,log
FNDA:0,log
FN:445,log
FNDA:0,log
FN:449,log
FNDA:0,log
FN:453,log
FNDA:0,log
FN:457,log
FNDA:0,log
FN:461,log
FNDA:0,log
FN:465,log
FNDA:0,log
FN:469,log
FNDA:0,log
FN:473,log
FNDA:0,log
FN:477,log
FNDA:0,log
FN:481,log
FNDA:0,log
FN:485,log
FNDA:0,log
FN:489,log
FNDA:0,log
FN:493,log
FNDA:0,log
FN:497,log
FNDA:0,log
FN:501,log
FNDA:0,log
FN:505,log
FNDA:0,log
FN:509,log
FNDA:0,log
FN:513,log
FNDA:0,log
FN:517,log
FNDA:0,log
FN:521,log
FNDA:0,log
FN:525,log
FNDA:0,log
FN:529,log
FNDA:0,log
FN:533,log
FNDA:0,log
FN:537,log
FNDA:0,log
FN:541,log
FNDA:0,log
FN:545,log
FNDA:0,log
FN:549,log
FNDA:0,log
FN:553,log
FNDA:0,log
FN:557,log
FNDA:0,log
FN:561,log
FNDA:0,log
FN:565,log
FNDA:0,log
FN:569,log
FNDA:0,log
FN:573,log
FNDA:0,log
FN:577,log
FNDA:0,log
FN:581,log
FNDA:0,log
FN:585,log
FNDA:0,log
FN:589,log
FNDA:0,log
FN:593,log
FNDA:0,log
FN:597,log
FNDA:0,log
FN:601,log
FNDA:0,log
FN:605,log
FNDA:0,log
FN:609,log
FNDA:0,log
FN:613,log
FNDA:0,log
FN:617,log
FNDA:0,log
FN:621,log
FNDA:0,log
FN:625,log
FNDA:0,log
FN:629,log
FNDA:0,log
FN:633,log
FNDA:0,log
FN:637,log
FNDA:0,log
FN:641,log
FNDA:0,log
FN:645,log
FNDA:0,log
FN:649,log
FNDA:0,log
FN:653,log
FNDA:0,log
FN:657,log
FNDA:0,log
FN:661,log
FNDA:0,log
FN:665,log
FNDA:0,log
FN:669,log
FNDA:0,log
FN:673,log
FNDA:0,log
FN:677,log
FNDA:0,log
FN:681,log
FNDA:0,log
FN:685,log
FNDA:0,log
FN:689,log
FNDA:0,log
FN:693,log
FNDA:0,log
FN:697,log
FNDA:0,log
FN:701,log
FNDA:0,log
FN:705,log
FNDA:0,log
FN:709,log
FNDA:0,log
FN:713,log
FNDA:0,log
FN:717,log
FNDA:0,log
FN:721,log
FNDA:0,log
FN:725,log
FNDA:0,log
FN:729,log
FNDA:0,log
FN:733,log
FNDA:0,log
FN:737,log
FNDA:0,log
FN:741,log
FNDA:0,log
FN:745,log
FNDA:0,log
FN:749,log
FNDA:0,log
FN:753,log
FNDA:0,log
FN:757,log
FNDA:0,log
FN:761,log
FNDA:0,log
FN:765,log
FNDA:0,log
FN:769,log
FNDA:0,log
FN:773,log
FNDA:0,log
FN:777,log
FNDA:0,log
FN:781,log
FNDA:0,log
FN:785,log
FNDA:0,log
FN:789,log
FNDA:0,log
FN:793,log
FNDA:0,log
FN:797,log
FNDA:0,log
FN:801,log
FNDA:0,log
FN:805,log
FNDA:0,log
FN:809,log
FNDA:0,log
FN:813,log
FNDA:0,log
FN:817,log
FNDA:0,log
FN:821,log
FNDA:0,log
FN:825,log
FNDA:0,log
FN:829,log
FNDA:0,log
FN:833,log
FNDA:0,log
FN:837,log
FNDA:0,log
FN:841,log
FNDA:0,log
FN:845,log
FNDA:0,log
FN:849,log
FNDA:0,log
FN:853,log
FNDA:0,log
FN:857,log
FNDA:0,log
FN:861,log
FNDA:0,log
FN:865,log
FNDA:0,log
FN:869,log
FNDA:0,log
FN:873,log
FNDA:0,log
FN:877,log
FNDA:0,log
FN:881,log
FNDA:0,log
FN:885,log
FNDA:0,log
FN:889,log
FNDA:0,log
FN:893,log
FNDA:0,log
FN:897,log
FNDA:0,log
FN:901,log
FNDA:0,log
FN:905,log
FNDA:0,log
FN:909,log
FNDA:0,log
FN:913,log
FNDA:0,log
FN:917,log
FNDA:0,log
FN:921,log
FNDA:0,log
FN:925,log
FNDA:0,log
FN:929,log
FNDA:0,log
FN:933,log
FNDA:0,log
FN:937,log
FNDA:0,log
FN:941,log
FNDA:0,log
FN:945,log
FNDA:0,log
FN:949,log
FNDA:0,log
FN:953,log
FNDA:0,log
FN:957,log
FNDA:0,log
FN:961,log
FNDA:0,log
FN:965,log
FNDA:0,log
FN:969,log
FNDA:0,log
FN:973,log
FNDA:0,log
FN:977,log
FNDA:0,log
FN:981,log
FNDA:0,log
FN:985,log
FNDA:0,log
FN:989,log
FNDA:0,log
FN:993,log
FNDA:0,log
FN:997,log
FNDA:0,log
FN:1001,log
FNDA:0,log
FN:1005,log
FNDA:0,log
FN:1009,log
FNDA:0,log
FN:1013,log
FNDA:0,log
FN:1017,log
FNDA:0,log
FN:1021,log
FNDA:0,log
FN:1025,log
FNDA:0,log
FN:1029,log
FNDA:0,log
FN:1033,log
FNDA:0,log
FN:1037,log
FNDA:0,log
FN:1041,log
FNDA:0,log
FN:1045,log
FNDA:0,log
FN:1049,log
FNDA:0,log
FN:1053,log
FNDA:0,log
FN:1057,log
FNDA:0,log
FN:1061,log
FNDA:0,log
FN:1065,log
FNDA:0,log
FN:1069,log
FNDA:0,log
FN:1073,log
FNDA:0,log
FN:1077,log
FNDA:0,log
FN:1081,log
FNDA:0,log
FN:1085,log
FNDA:0,log
FN:1089,log
FNDA:0,log
FN:1093,log
FNDA:0,log
FN:1097,log
FNDA:0,log
FN:1101,log
FNDA:0,log
FN:1105,log
FNDA:0,log
FN:1109,log
FNDA:0,log
FN:1113,log
FNDA:0,log
FN:1117,log
FNDA:0,log
FN:1121,log
FNDA:0,log
FN:1125,log
FNDA:0,log
FN:1129,log
FNDA:0,log
FN:1133,log
FNDA:0,log
FN:1137,log
FNDA:0,log
FN:1141,log
FNDA:0,log
FN:1145,log
FNDA:0,log
FN:1149,log
FNDA:0,log
FN:1153,log
FNDA:0,log
FN:1157,log
FNDA:0,log
FN:1161,log
FNDA:0,log
FN:1165,log
FNDA:0,log
FN:1169,log
FNDA:0,log
FN:1173,log
FNDA:0,log
FN:1177,log
FNDA:0,log
FN:1181,log
FNDA:0,log
FN:1185,log
FNDA:0,log
FN:1189,log
FNDA:0,log
FN:1193,log
FNDA:0,log
FN:1197,log
FNDA:0,log
FN:1201,log
FNDA:0,log
FN:1205,log
FNDA:0,log
FN:1209,log
FNDA:0,log
FN:1213,log
FNDA:0,log
FN:1217,log
FNDA:0,log
FN:1221,log
FNDA:0,log
FN:1225,log
FNDA:0,log
FN:1229,log
FNDA:0,log
FN:1233,log
FNDA:0,log
FN:1237,log
FNDA:0,log
FN:1241,log
FNDA:0,log
FN:1245,log
FNDA:0,log
FN:1249,log
FNDA:0,log
FN:1253,log
FNDA:0,log
FN:1257,log
FNDA:0,log
FN:1261,log
FNDA:0,log
FN:1265,log
FNDA:0,log
FN:1269,log
FNDA:0,log
FN:1273,log
FNDA:0,log
FN:1277,log
FNDA:0,log
FN:1281,log
FNDA:0,log
FN:1285,log
FNDA:0,log
FN:1289,log
FNDA:0,log
FN:1293,log
FNDA:0,log
FN:1297,log
FNDA:0,log
FN:1301,log
FNDA:0,log
FN:1305,log
FNDA:0,log
FN:1309,log
FNDA:0,log
FN:1313,log
FNDA:0,log
FN:1317,log
FNDA:0,log
FN:1321,log
FNDA:0,log
FN:1325,log
FNDA:0,log
FN:1329,log
FNDA:0,log
FN:1333,log
FNDA:0,log
FN:1337,log
FNDA:0,log
FN:1341,log
FNDA:0,log
FN:1345,log
FNDA:0,log
FN:1349,log
FNDA:0,log
FN:1353,log
FNDA:0,log
FN:1357,log
FNDA:0,log
FN:1361,log
FNDA:0,log
FN:1365,log
FNDA:0,log
FN:1369,log
FNDA:0,log
FN:1373,log
FNDA:0,log
FN:1377,log
FNDA:0,log
FN:1381,log
FNDA:0,log
FN:1385,log
FNDA:0,log
FN:1389,log
FNDA:0,log
FN:1393,log
FNDA:0,log
FN:1397,log
FNDA:0,log
FN:1401,log
FNDA:0,log
FN:1405,log
FNDA:0,log
FN:1409,log
FNDA:0,log
FN:1413,log
FNDA:0,log
FN:1417,log
FNDA:0,log
FN:1421,log
FNDA:0,log
FN:1425,log
FNDA:0,log
FN:1429,log
FNDA:0,log
FN:1433,log
FNDA:0,log
FN:1437,log
FNDA:0,log
FN:1441,log
FNDA:0,log
FN:1445,log
FNDA:0,log
FN:1449,log
FNDA:0,log
FN:1453,log
FNDA:0,log
FN:1457,log
FNDA:0,log
FN:1461,log
FNDA:0,log
FN:1465,log
FNDA:0,log
FN:1469,log
FNDA:0,log
FN:1473,log
FNDA:0,log
FN:1477,log
FNDA:0,log
FN:1481,log
FNDA:0,log
FN:1485,log
FNDA:0,log
FN:1489,log
FNDA:0,log
FN:1493,log
FNDA:0,log
FN:1497,log
FNDA:0,log
FN:1501,log
FNDA:0,log
FN:1505,log
FNDA:0,log
FN:1509,log
FNDA:0,log
FN:1513,log
FNDA:0,log
FN:1517,log
FNDA:0,log
FN:1521,log
FNDA:0,log
FN:1525,log
FNDA:0,log
FN:1529,log
FNDA:0,log
end_of_record
SF:/data/MorphoBlue/lib/forge-std/src/console2.sol
DA:9,31854
DA:10,0
DA:21,0
DA:25,0
DA:29,0
DA:30,0
DA:227,0
DA:491,0
FN:12,_castLogPayloadViewToPure
FNDA:0,_castLogPayloadViewToPure
FN:20,_sendLogPayload
FNDA:0,_sendLogPayload
FN:24,_sendLogPayloadView
FNDA:0,_sendLogPayloadView
FN:34,log
FNDA:0,log
FN:38,logInt
FNDA:0,logInt
FN:42,logUint
FNDA:0,logUint
FN:46,logString
FNDA:0,logString
FN:50,logBool
FNDA:0,logBool
FN:54,logAddress
FNDA:0,logAddress
FN:58,logBytes
FNDA:0,logBytes
FN:62,logBytes1
FNDA:0,logBytes1
FN:66,logBytes2
FNDA:0,logBytes2
FN:70,logBytes3
FNDA:0,logBytes3
FN:74,logBytes4
FNDA:0,logBytes4
FN:78,logBytes5
FNDA:0,logBytes5
FN:82,logBytes6
FNDA:0,logBytes6
FN:86,logBytes7
FNDA:0,logBytes7
FN:90,logBytes8
FNDA:0,logBytes8
FN:94,logBytes9
FNDA:0,logBytes9
FN:98,logBytes10
FNDA:0,logBytes10
FN:102,logBytes11
FNDA:0,logBytes11
FN:106,logBytes12
FNDA:0,logBytes12
FN:110,logBytes13
FNDA:0,logBytes13
FN:114,logBytes14
FNDA:0,logBytes14
FN:118,logBytes15
FNDA:0,logBytes15
FN:122,logBytes16
FNDA:0,logBytes16
FN:126,logBytes17
FNDA:0,logBytes17
FN:130,logBytes18
FNDA:0,logBytes18
FN:134,logBytes19
FNDA:0,logBytes19
FN:138,logBytes20
FNDA:0,logBytes20
FN:142,logBytes21
FNDA:0,logBytes21
FN:146,logBytes22
FNDA:0,logBytes22
FN:150,logBytes23
FNDA:0,logBytes23
FN:154,logBytes24
FNDA:0,logBytes24
FN:158,logBytes25
FNDA:0,logBytes25
FN:162,logBytes26
FNDA:0,logBytes26
FN:166,logBytes27
FNDA:0,logBytes27
FN:170,logBytes28
FNDA:0,logBytes28
FN:174,logBytes29
FNDA:0,logBytes29
FN:178,logBytes30
FNDA:0,logBytes30
FN:182,logBytes31
FNDA:0,logBytes31
FN:186,logBytes32
FNDA:0,logBytes32
FN:190,log
FNDA:0,log
FN:194,log
FNDA:0,log
FN:198,log
FNDA:0,log
FN:202,log
FNDA:0,log
FN:206,log
FNDA:0,log
FN:210,log
FNDA:0,log
FN:214,log
FNDA:0,log
FN:218,log
FNDA:0,log
FN:222,log
FNDA:0,log
FN:226,log
FNDA:0,log
FN:230,log
FNDA:0,log
FN:234,log
FNDA:0,log
FN:238,log
FNDA:0,log
FN:242,log
FNDA:0,log
FN:246,log
FNDA:0,log
FN:250,log
FNDA:0,log
FN:254,log
FNDA:0,log
FN:258,log
FNDA:0,log
FN:262,log
FNDA:0,log
FN:266,log
FNDA:0,log
FN:270,log
FNDA:0,log
FN:274,log
FNDA:0,log
FN:278,log
FNDA:0,log
FN:282,log
FNDA:0,log
FN:286,log
FNDA:0,log
FN:290,log
FNDA:0,log
FN:294,log
FNDA:0,log
FN:298,log
FNDA:0,log
FN:302,log
FNDA:0,log
FN:306,log
FNDA:0,log
FN:310,log
FNDA:0,log
FN:314,log
FNDA:0,log
FN:318,log
FNDA:0,log
FN:322,log
FNDA:0,log
FN:326,log
FNDA:0,log
FN:330,log
FNDA:0,log
FN:334,log
FNDA:0,log
FN:338,log
FNDA:0,log
FN:342,log
FNDA:0,log
FN:346,log
FNDA:0,log
FN:350,log
FNDA:0,log
FN:354,log
FNDA:0,log
FN:358,log
FNDA:0,log
FN:362,log
FNDA:0,log
FN:366,log
FNDA:0,log
FN:370,log
FNDA:0,log
FN:374,log
FNDA:0,log
FN:378,log
FNDA:0,log
FN:382,log
FNDA:0,log
FN:386,log
FNDA:0,log
FN:390,log
FNDA:0,log
FN:394,log
FNDA:0,log
FN:398,log
FNDA:0,log
FN:402,log
FNDA:0,log
FN:406,log
FNDA:0,log
FN:410,log
FNDA:0,log
FN:414,log
FNDA:0,log
FN:418,log
FNDA:0,log
FN:422,log
FNDA:0,log
FN:426,log
FNDA:0,log
FN:430,log
FNDA:0,log
FN:434,log
FNDA:0,log
FN:438,log
FNDA:0,log
FN:442,log
FNDA:0,log
FN:446,log
FNDA:0,log
FN:450,log
FNDA:0,log
FN:454,log
FNDA:0,log
FN:458,log
FNDA:0,log
FN:462,log
FNDA:0,log
FN:466,log
FNDA:0,log
FN:470,log
FNDA:0,log
FN:474,log
FNDA:0,log
FN:478,log
FNDA:0,log
FN:482,log
FNDA:0,log
FN:486,log
FNDA:0,log
FN:490,log
FNDA:0,log
FN:494,log
FNDA:0,log
FN:498,log
FNDA:0,log
FN:502,log
FNDA:0,log
FN:506,log
FNDA:0,log
FN:510,log
FNDA:0,log
FN:514,log
FNDA:0,log
FN:518,log
FNDA:0,log
FN:522,log
FNDA:0,log
FN:526,log
FNDA:0,log
FN:530,log
FNDA:0,log
FN:534,log
FNDA:0,log
FN:538,log
FNDA:0,log
FN:542,log
FNDA:0,log
FN:546,log
FNDA:0,log
FN:550,log
FNDA:0,log
FN:554,log
FNDA:0,log
FN:558,log
FNDA:0,log
FN:562,log
FNDA:0,log
FN:566,log
FNDA:0,log
FN:570,log
FNDA:0,log
FN:574,log
FNDA:0,log
FN:578,log
FNDA:0,log
FN:582,log
FNDA:0,log
FN:586,log
FNDA:0,log
FN:590,log
FNDA:0,log
FN:594,log
FNDA:0,log
FN:598,log
FNDA:0,log
FN:602,log
FNDA:0,log
FN:606,log
FNDA:0,log
FN:610,log
FNDA:0,log
FN:614,log
FNDA:0,log
FN:618,log
FNDA:0,log
FN:622,log
FNDA:0,log
FN:626,log
FNDA:0,log
FN:630,log
FNDA:0,log
FN:634,log
FNDA:0,log
FN:638,log
FNDA:0,log
FN:642,log
FNDA:0,log
FN:646,log
FNDA:0,log
FN:650,log
FNDA:0,log
FN:654,log
FNDA:0,log
FN:658,log
FNDA:0,log
FN:662,log
FNDA:0,log
FN:666,log
FNDA:0,log
FN:670,log
FNDA:0,log
FN:674,log
FNDA:0,log
FN:678,log
FNDA:0,log
FN:682,log
FNDA:0,log
FN:686,log
FNDA:0,log
FN:690,log
FNDA:0,log
FN:694,log
FNDA:0,log
FN:698,log
FNDA:0,log
FN:702,log
FNDA:0,log
FN:706,log
FNDA:0,log
FN:710,log
FNDA:0,log
FN:714,log
FNDA:0,log
FN:718,log
FNDA:0,log
FN:722,log
FNDA:0,log
FN:726,log
FNDA:0,log
FN:730,log
FNDA:0,log
FN:734,log
FNDA:0,log
FN:738,log
FNDA:0,log
FN:742,log
FNDA:0,log
FN:746,log
FNDA:0,log
FN:750,log
FNDA:0,log
FN:754,log
FNDA:0,log
FN:758,log
FNDA:0,log
FN:762,log
FNDA:0,log
FN:766,log
FNDA:0,log
FN:770,log
FNDA:0,log
FN:774,log
FNDA:0,log
FN:778,log
FNDA:0,log
FN:782,log
FNDA:0,log
FN:786,log
FNDA:0,log
FN:790,log
FNDA:0,log
FN:794,log
FNDA:0,log
FN:798,log
FNDA:0,log
FN:802,log
FNDA:0,log
FN:806,log
FNDA:0,log
FN:810,log
FNDA:0,log
FN:814,log
FNDA:0,log
FN:818,log
FNDA:0,log
FN:822,log
FNDA:0,log
FN:826,log
FNDA:0,log
FN:830,log
FNDA:0,log
FN:834,log
FNDA:0,log
FN:838,log
FNDA:0,log
FN:842,log
FNDA:0,log
FN:846,log
FNDA:0,log
FN:850,log
FNDA:0,log
FN:854,log
FNDA:0,log
FN:858,log
FNDA:0,log
FN:862,log
FNDA:0,log
FN:866,log
FNDA:0,log
FN:870,log
FNDA:0,log
FN:874,log
FNDA:0,log
FN:878,log
FNDA:0,log
FN:882,log
FNDA:0,log
FN:886,log
FNDA:0,log
FN:890,log
FNDA:0,log
FN:894,log
FNDA:0,log
FN:898,log
FNDA:0,log
FN:902,log
FNDA:0,log
FN:906,log
FNDA:0,log
FN:910,log
FNDA:0,log
FN:914,log
FNDA:0,log
FN:918,log
FNDA:0,log
FN:922,log
FNDA:0,log
FN:926,log
FNDA:0,log
FN:930,log
FNDA:0,log
FN:934,log
FNDA:0,log
FN:938,log
FNDA:0,log
FN:942,log
FNDA:0,log
FN:946,log
FNDA:0,log
FN:950,log
FNDA:0,log
FN:954,log
FNDA:0,log
FN:958,log
FNDA:0,log
FN:962,log
FNDA:0,log
FN:966,log
FNDA:0,log
FN:970,log
FNDA:0,log
FN:974,log
FNDA:0,log
FN:978,log
FNDA:0,log
FN:982,log
FNDA:0,log
FN:986,log
FNDA:0,log
FN:990,log
FNDA:0,log
FN:994,log
FNDA:0,log
FN:998,log
FNDA:0,log
FN:1002,log
FNDA:0,log
FN:1006,log
FNDA:0,log
FN:1010,log
FNDA:0,log
FN:1014,log
FNDA:0,log
FN:1018,log
FNDA:0,log
FN:1022,log
FNDA:0,log
FN:1026,log
FNDA:0,log
FN:1030,log
FNDA:0,log
FN:1034,log
FNDA:0,log
FN:1038,log
FNDA:0,log
FN:1042,log
FNDA:0,log
FN:1046,log
FNDA:0,log
FN:1050,log
FNDA:0,log
FN:1054,log
FNDA:0,log
FN:1058,log
FNDA:0,log
FN:1062,log
FNDA:0,log
FN:1066,log
FNDA:0,log
FN:1070,log
FNDA:0,log
FN:1074,log
FNDA:0,log
FN:1078,log
FNDA:0,log
FN:1082,log
FNDA:0,log
FN:1086,log
FNDA:0,log
FN:1090,log
FNDA:0,log
FN:1094,log
FNDA:0,log
FN:1098,log
FNDA:0,log
FN:1102,log
FNDA:0,log
FN:1106,log
FNDA:0,log
FN:1110,log
FNDA:0,log
FN:1114,log
FNDA:0,log
FN:1118,log
FNDA:0,log
FN:1122,log
FNDA:0,log
FN:1126,log
FNDA:0,log
FN:1130,log
FNDA:0,log
FN:1134,log
FNDA:0,log
FN:1138,log
FNDA:0,log
FN:1142,log
FNDA:0,log
FN:1146,log
FNDA:0,log
FN:1150,log
FNDA:0,log
FN:1154,log
FNDA:0,log
FN:1158,log
FNDA:0,log
FN:1162,log
FNDA:0,log
FN:1166,log
FNDA:0,log
FN:1170,log
FNDA:0,log
FN:1174,log
FNDA:0,log
FN:1178,log
FNDA:0,log
FN:1182,log
FNDA:0,log
FN:1186,log
FNDA:0,log
FN:1190,log
FNDA:0,log
FN:1194,log
FNDA:0,log
FN:1198,log
FNDA:0,log
FN:1202,log
FNDA:0,log
FN:1206,log
FNDA:0,log
FN:1210,log
FNDA:0,log
FN:1214,log
FNDA:0,log
FN:1218,log
FNDA:0,log
FN:1222,log
FNDA:0,log
FN:1226,log
FNDA:0,log
FN:1230,log
FNDA:0,log
FN:1234,log
FNDA:0,log
FN:1238,log
FNDA:0,log
FN:1242,log
FNDA:0,log
FN:1246,log
FNDA:0,log
FN:1250,log
FNDA:0,log
FN:1254,log
FNDA:0,log
FN:1258,log
FNDA:0,log
FN:1262,log
FNDA:0,log
FN:1266,log
FNDA:0,log
FN:1270,log
FNDA:0,log
FN:1274,log
FNDA:0,log
FN:1278,log
FNDA:0,log
FN:1282,log
FNDA:0,log
FN:1286,log
FNDA:0,log
FN:1290,log
FNDA:0,log
FN:1294,log
FNDA:0,log
FN:1298,log
FNDA:0,log
FN:1302,log
FNDA:0,log
FN:1306,log
FNDA:0,log
FN:1310,log
FNDA:0,log
FN:1314,log
FNDA:0,log
FN:1318,log
FNDA:0,log
FN:1322,log
FNDA:0,log
FN:1326,log
FNDA:0,log
FN:1330,log
FNDA:0,log
FN:1334,log
FNDA:0,log
FN:1338,log
FNDA:0,log
FN:1342,log
FNDA:0,log
FN:1346,log
FNDA:0,log
FN:1350,log
FNDA:0,log
FN:1354,log
FNDA:0,log
FN:1358,log
FNDA:0,log
FN:1362,log
FNDA:0,log
FN:1366,log
FNDA:0,log
FN:1370,log
FNDA:0,log
FN:1374,log
FNDA:0,log
FN:1378,log
FNDA:0,log
FN:1382,log
FNDA:0,log
FN:1386,log
FNDA:0,log
FN:1390,log
FNDA:0,log
FN:1394,log
FNDA:0,log
FN:1398,log
FNDA:0,log
FN:1402,log
FNDA:0,log
FN:1406,log
FNDA:0,log
FN:1410,log
FNDA:0,log
FN:1414,log
FNDA:0,log
FN:1418,log
FNDA:0,log
FN:1422,log
FNDA:0,log
FN:1426,log
FNDA:0,log
FN:1430,log
FNDA:0,log
FN:1434,log
FNDA:0,log
FN:1438,log
FNDA:0,log
FN:1442,log
FNDA:0,log
FN:1446,log
FNDA:0,log
FN:1450,log
FNDA:0,log
FN:1454,log
FNDA:0,log
FN:1458,log
FNDA:0,log
FN:1462,log
FNDA:0,log
FN:1466,log
FNDA:0,log
FN:1470,log
FNDA:0,log
FN:1474,log
FNDA:0,log
FN:1478,log
FNDA:0,log
FN:1482,log
FNDA:0,log
FN:1486,log
FNDA:0,log
FN:1490,log
FNDA:0,log
FN:1494,log
FNDA:0,log
FN:1498,log
FNDA:0,log
FN:1502,log
FNDA:0,log
FN:1506,log
FNDA:0,log
FN:1510,log
FNDA:0,log
FN:1514,log
FNDA:0,log
FN:1518,log
FNDA:0,log
FN:1522,log
FNDA:0,log
FN:1526,log
FNDA:0,log
FN:1530,log
FNDA:0,log
FN:1534,log
FNDA:0,log
FN:1538,log
FNDA:0,log
FN:1542,log
FNDA:0,log
FN:1546,log
FNDA:0,log
FN:1550,log
FNDA:0,log
FN:1554,log
FNDA:0,log
end_of_record
SF:/data/MorphoBlue/lib/forge-std/src/interfaces/IMulticall3.sol
end_of_record
SF:/data/MorphoBlue/lib/forge-std/src/mocks/MockERC20.sol
DA:6,0
DA:19,0
DA:21,0
DA:23,0
DA:29,0
DA:31,0
DA:33,0
DA:43,0
DA:55,0
DA:57,0
DA:58,0
DA:59,0
DA:61,0
DA:62,0
DA:64,0
DA:71,0
DA:72,0
DA:74,0
DA:76,0
DA:79,0
DA:80,0
DA:81,0
DA:83,0
DA:88,0
DA:89,0
DA:91,0
DA:93,0
DA:94,0
DA:96,0
DA:98,0
DA:109,0
DA:111,0
DA:115,0
DA:118,0
DA:121,0
DA:122,0
DA:123,0
DA:124,0
DA:135,0
DA:137,0
DA:139,0
DA:142,0
DA:143,0
DA:146,0
DA:149,0
DA:150,0
DA:151,0
DA:152,0
DA:153,0
DA:180,0
DA:181,0
DA:182,0
DA:186,0
DA:187,0
DA:188,0
DA:202,0
DA:208,0
DA:209,0
DA:214,0
FN:54,initialize
FNDA:0,initialize
FN:71,approve
FNDA:0,approve
FN:79,transfer
FNDA:0,transfer
FN:88,transferFrom
FNDA:0,transferFrom
FN:105,permit
FNDA:0,permit
FN:142,DOMAIN_SEPARATOR
FNDA:0,DOMAIN_SEPARATOR
FN:146,computeDomainSeparator
FNDA:0,computeDomainSeparator
FN:162,_mint
FNDA:0,_mint
FN:169,_burn
FNDA:0,_burn
FN:180,_add
FNDA:0,_add
FN:186,_sub
FNDA:0,_sub
FN:199,_viewChainId
FNDA:0,_viewChainId
FN:208,_pureChainId
FNDA:0,_pureChainId
end_of_record
SF:/data/MorphoBlue/lib/forge-std/src/mocks/MockERC721.sol
DA:6,0
DA:21,0
DA:23,0
DA:25,0
DA:35,0
DA:36,0
DA:39,0
DA:40,0
DA:42,0
DA:49,0
DA:51,0
DA:63,0
DA:65,0
DA:66,0
DA:68,0
DA:76,0
DA:78,0
DA:80,0
DA:82,0
DA:86,0
DA:88,0
DA:92,0
DA:94,0
DA:97,0
DA:102,0
DA:104,0
DA:106,0
DA:108,0
DA:110,0
DA:114,0
DA:118,0
DA:119,0
DA:125,0
DA:129,0
DA:130,0
DA:139,0
DA:140,0
DA:141,0
DA:142,0
DA:212,0
DA:215,0
FN:25,tokenURI
FNDA:0,tokenURI
FN:35,ownerOf
FNDA:0,ownerOf
FN:39,balanceOf
FNDA:0,balanceOf
FN:62,initialize
FNDA:0,initialize
FN:75,approve
FNDA:0,approve
FN:85,setApprovalForAll
FNDA:0,setApprovalForAll
FN:91,transferFrom
FNDA:0,transferFrom
FN:113,safeTransferFrom
FNDA:0,safeTransferFrom
FN:124,safeTransferFrom
FNDA:0,safeTransferFrom
FN:139,supportsInterface
FNDA:0,supportsInterface
FN:149,_mint
FNDA:0,_mint
FN:163,_burn
FNDA:0,_burn
FN:181,_safeMint
FNDA:0,_safeMint
FN:192,_safeMint
FNDA:0,_safeMint
FN:207,_isContract
FNDA:0,_isContract
end_of_record
SF:/data/MorphoBlue/lib/forge-std/src/safeconsole.sol
DA:6,14053
FN:11,_sendLogPayload
FNDA:0,_sendLogPayload
FN:20,_sendLogPayloadView
FNDA:0,_sendLogPayloadView
FN:26,_memcopy
FNDA:0,_memcopy
FN:35,_memcopyView
FNDA:0,_memcopyView
FN:41,logMemory
FNDA:0,logMemory
FN:90,log
FNDA:0,log
FN:107,log
FNDA:0,log
FN:124,log
FNDA:0,log
FN:141,log
FNDA:0,log
FN:172,log
FNDA:0,log
FN:193,log
FNDA:0,log
FN:214,log
FNDA:0,log
FN:235,log
FNDA:0,log
FN:270,log
FNDA:0,log
FN:291,log
FNDA:0,log
FN:312,log
FNDA:0,log
FN:333,log
FNDA:0,log
FN:368,log
FNDA:0,log
FN:389,log
FNDA:0,log
FN:410,log
FNDA:0,log
FN:431,log
FNDA:0,log
FN:466,log
FNDA:0,log
FN:501,log
FNDA:0,log
FN:536,log
FNDA:0,log
FN:571,log
FNDA:0,log
FN:613,log
FNDA:0,log
FN:638,log
FNDA:0,log
FN:663,log
FNDA:0,log
FN:688,log
FNDA:0,log
FN:727,log
FNDA:0,log
FN:752,log
FNDA:0,log
FN:777,log
FNDA:0,log
FN:802,log
FNDA:0,log
FN:841,log
FNDA:0,log
FN:866,log
FNDA:0,log
FN:891,log
FNDA:0,log
FN:916,log
FNDA:0,log
FN:955,log
FNDA:0,log
FN:994,log
FNDA:0,log
FN:1033,log
FNDA:0,log
FN:1072,log
FNDA:0,log
FN:1118,log
FNDA:0,log
FN:1143,log
FNDA:0,log
FN:1168,log
FNDA:0,log
FN:1193,log
FNDA:0,log
FN:1232,log
FNDA:0,log
FN:1257,log
FNDA:0,log
FN:1282,log
FNDA:0,log
FN:1307,log
FNDA:0,log
FN:1346,log
FNDA:0,log
FN:1371,log
FNDA:0,log
FN:1396,log
FNDA:0,log
FN:1421,log
FNDA:0,log
FN:1460,log
FNDA:0,log
FN:1499,log
FNDA:0,log
FN:1538,log
FNDA:0,log
FN:1577,log
FNDA:0,log
FN:1623,log
FNDA:0,log
FN:1648,log
FNDA:0,log
FN:1673,log
FNDA:0,log
FN:1698,log
FNDA:0,log
FN:1737,log
FNDA:0,log
FN:1762,log
FNDA:0,log
FN:1787,log
FNDA:0,log
FN:1812,log
FNDA:0,log
FN:1851,log
FNDA:0,log
FN:1876,log
FNDA:0,log
FN:1901,log
FNDA:0,log
FN:1926,log
FNDA:0,log
FN:1965,log
FNDA:0,log
FN:2004,log
FNDA:0,log
FN:2043,log
FNDA:0,log
FN:2082,log
FNDA:0,log
FN:2128,log
FNDA:0,log
FN:2167,log
FNDA:0,log
FN:2206,log
FNDA:0,log
FN:2245,log
FNDA:0,log
FN:2291,log
FNDA:0,log
FN:2330,log
FNDA:0,log
FN:2369,log
FNDA:0,log
FN:2408,log
FNDA:0,log
FN:2454,log
FNDA:0,log
FN:2493,log
FNDA:0,log
FN:2532,log
FNDA:0,log
FN:2571,log
FNDA:0,log
FN:2617,log
FNDA:0,log
FN:2663,log
FNDA:0,log
FN:2709,log
FNDA:0,log
FN:2755,log
FNDA:0,log
FN:2808,log
FNDA:0,log
FN:2837,log
FNDA:0,log
FN:2866,log
FNDA:0,log
FN:2895,log
FNDA:0,log
FN:2938,log
FNDA:0,log
FN:2967,log
FNDA:0,log
FN:2996,log
FNDA:0,log
FN:3025,log
FNDA:0,log
FN:3068,log
FNDA:0,log
FN:3097,log
FNDA:0,log
FN:3126,log
FNDA:0,log
FN:3155,log
FNDA:0,log
FN:3198,log
FNDA:0,log
FN:3241,log
FNDA:0,log
FN:3284,log
FNDA:0,log
FN:3327,log
FNDA:0,log
FN:3377,log
FNDA:0,log
FN:3406,log
FNDA:0,log
FN:3435,log
FNDA:0,log
FN:3464,log
FNDA:0,log
FN:3507,log
FNDA:0,log
FN:3536,log
FNDA:0,log
FN:3565,log
FNDA:0,log
FN:3594,log
FNDA:0,log
FN:3637,log
FNDA:0,log
FN:3666,log
FNDA:0,log
FN:3695,log
FNDA:0,log
FN:3724,log
FNDA:0,log
FN:3767,log
FNDA:0,log
FN:3810,log
FNDA:0,log
FN:3853,log
FNDA:0,log
FN:3896,log
FNDA:0,log
FN:3946,log
FNDA:0,log
FN:3975,log
FNDA:0,log
FN:4004,log
FNDA:0,log
FN:4033,log
FNDA:0,log
FN:4076,log
FNDA:0,log
FN:4105,log
FNDA:0,log
FN:4134,log
FNDA:0,log
FN:4163,log
FNDA:0,log
FN:4206,log
FNDA:0,log
FN:4235,log
FNDA:0,log
FN:4264,log
FNDA:0,log
FN:4293,log
FNDA:0,log
FN:4336,log
FNDA:0,log
FN:4379,log
FNDA:0,log
FN:4422,log
FNDA:0,log
FN:4465,log
FNDA:0,log
FN:4515,log
FNDA:0,log
FN:4558,log
FNDA:0,log
FN:4601,log
FNDA:0,log
FN:4644,log
FNDA:0,log
FN:4694,log
FNDA:0,log
FN:4737,log
FNDA:0,log
FN:4780,log
FNDA:0,log
FN:4823,log
FNDA:0,log
FN:4873,log
FNDA:0,log
FN:4916,log
FNDA:0,log
FN:4959,log
FNDA:0,log
FN:5002,log
FNDA:0,log
FN:5052,log
FNDA:0,log
FN:5102,log
FNDA:0,log
FN:5152,log
FNDA:0,log
FN:5202,log
FNDA:0,log
FN:5259,log
FNDA:0,log
FN:5288,log
FNDA:0,log
FN:5317,log
FNDA:0,log
FN:5346,log
FNDA:0,log
FN:5389,log
FNDA:0,log
FN:5418,log
FNDA:0,log
FN:5447,log
FNDA:0,log
FN:5476,log
FNDA:0,log
FN:5519,log
FNDA:0,log
FN:5548,log
FNDA:0,log
FN:5577,log
FNDA:0,log
FN:5606,log
FNDA:0,log
FN:5649,log
FNDA:0,log
FN:5692,log
FNDA:0,log
FN:5735,log
FNDA:0,log
FN:5778,log
FNDA:0,log
FN:5828,log
FNDA:0,log
FN:5857,log
FNDA:0,log
FN:5886,log
FNDA:0,log
FN:5915,log
FNDA:0,log
FN:5958,log
FNDA:0,log
FN:5987,log
FNDA:0,log
FN:6016,log
FNDA:0,log
FN:6045,log
FNDA:0,log
FN:6088,log
FNDA:0,log
FN:6117,log
FNDA:0,log
FN:6146,log
FNDA:0,log
FN:6175,log
FNDA:0,log
FN:6218,log
FNDA:0,log
FN:6261,log
FNDA:0,log
FN:6304,log
FNDA:0,log
FN:6347,log
FNDA:0,log
FN:6397,log
FNDA:0,log
FN:6426,log
FNDA:0,log
FN:6455,log
FNDA:0,log
FN:6484,log
FNDA:0,log
FN:6527,log
FNDA:0,log
FN:6556,log
FNDA:0,log
FN:6585,log
FNDA:0,log
FN:6614,log
FNDA:0,log
FN:6657,log
FNDA:0,log
FN:6686,log
FNDA:0,log
FN:6715,log
FNDA:0,log
FN:6744,log
FNDA:0,log
FN:6787,log
FNDA:0,log
FN:6830,log
FNDA:0,log
FN:6873,log
FNDA:0,log
FN:6916,log
FNDA:0,log
FN:6966,log
FNDA:0,log
FN:7009,log
FNDA:0,log
FN:7052,log
FNDA:0,log
FN:7095,log
FNDA:0,log
FN:7145,log
FNDA:0,log
FN:7188,log
FNDA:0,log
FN:7231,log
FNDA:0,log
FN:7274,log
FNDA:0,log
FN:7324,log
FNDA:0,log
FN:7367,log
FNDA:0,log
FN:7410,log
FNDA:0,log
FN:7453,log
FNDA:0,log
FN:7503,log
FNDA:0,log
FN:7553,log
FNDA:0,log
FN:7603,log
FNDA:0,log
FN:7653,log
FNDA:0,log
FN:7710,log
FNDA:0,log
FN:7739,log
FNDA:0,log
FN:7768,log
FNDA:0,log
FN:7797,log
FNDA:0,log
FN:7840,log
FNDA:0,log
FN:7869,log
FNDA:0,log
FN:7898,log
FNDA:0,log
FN:7927,log
FNDA:0,log
FN:7970,log
FNDA:0,log
FN:7999,log
FNDA:0,log
FN:8028,log
FNDA:0,log
FN:8057,log
FNDA:0,log
FN:8100,log
FNDA:0,log
FN:8143,log
FNDA:0,log
FN:8186,log
FNDA:0,log
FN:8229,log
FNDA:0,log
FN:8279,log
FNDA:0,log
FN:8308,log
FNDA:0,log
FN:8337,log
FNDA:0,log
FN:8366,log
FNDA:0,log
FN:8409,log
FNDA:0,log
FN:8438,log
FNDA:0,log
FN:8467,log
FNDA:0,log
FN:8496,log
FNDA:0,log
FN:8539,log
FNDA:0,log
FN:8568,log
FNDA:0,log
FN:8597,log
FNDA:0,log
FN:8626,log
FNDA:0,log
FN:8669,log
FNDA:0,log
FN:8712,log
FNDA:0,log
FN:8755,log
FNDA:0,log
FN:8798,log
FNDA:0,log
FN:8848,log
FNDA:0,log
FN:8877,log
FNDA:0,log
FN:8906,log
FNDA:0,log
FN:8935,log
FNDA:0,log
FN:8978,log
FNDA:0,log
FN:9007,log
FNDA:0,log
FN:9036,log
FNDA:0,log
FN:9065,log
FNDA:0,log
FN:9108,log
FNDA:0,log
FN:9137,log
FNDA:0,log
FN:9166,log
FNDA:0,log
FN:9195,log
FNDA:0,log
FN:9238,log
FNDA:0,log
FN:9281,log
FNDA:0,log
FN:9324,log
FNDA:0,log
FN:9367,log
FNDA:0,log
FN:9417,log
FNDA:0,log
FN:9460,log
FNDA:0,log
FN:9503,log
FNDA:0,log
FN:9546,log
FNDA:0,log
FN:9596,log
FNDA:0,log
FN:9639,log
FNDA:0,log
FN:9682,log
FNDA:0,log
FN:9725,log
FNDA:0,log
FN:9775,log
FNDA:0,log
FN:9818,log
FNDA:0,log
FN:9861,log
FNDA:0,log
FN:9904,log
FNDA:0,log
FN:9954,log
FNDA:0,log
FN:10004,log
FNDA:0,log
FN:10054,log
FNDA:0,log
FN:10104,log
FNDA:0,log
FN:10161,log
FNDA:0,log
FN:10204,log
FNDA:0,log
FN:10247,log
FNDA:0,log
FN:10290,log
FNDA:0,log
FN:10340,log
FNDA:0,log
FN:10383,log
FNDA:0,log
FN:10426,log
FNDA:0,log
FN:10469,log
FNDA:0,log
FN:10519,log
FNDA:0,log
FN:10562,log
FNDA:0,log
FN:10605,log
FNDA:0,log
FN:10648,log
FNDA:0,log
FN:10698,log
FNDA:0,log
FN:10748,log
FNDA:0,log
FN:10798,log
FNDA:0,log
FN:10848,log
FNDA:0,log
FN:10905,log
FNDA:0,log
FN:10948,log
FNDA:0,log
FN:10991,log
FNDA:0,log
FN:11034,log
FNDA:0,log
FN:11084,log
FNDA:0,log
FN:11127,log
FNDA:0,log
FN:11170,log
FNDA:0,log
FN:11213,log
FNDA:0,log
FN:11263,log
FNDA:0,log
FN:11306,log
FNDA:0,log
FN:11349,log
FNDA:0,log
FN:11392,log
FNDA:0,log
FN:11442,log
FNDA:0,log
FN:11492,log
FNDA:0,log
FN:11542,log
FNDA:0,log
FN:11592,log
FNDA:0,log
FN:11649,log
FNDA:0,log
FN:11692,log
FNDA:0,log
FN:11735,log
FNDA:0,log
FN:11778,log
FNDA:0,log
FN:11828,log
FNDA:0,log
FN:11871,log
FNDA:0,log
FN:11914,log
FNDA:0,log
FN:11957,log
FNDA:0,log
FN:12007,log
FNDA:0,log
FN:12050,log
FNDA:0,log
FN:12093,log
FNDA:0,log
FN:12136,log
FNDA:0,log
FN:12186,log
FNDA:0,log
FN:12236,log
FNDA:0,log
FN:12286,log
FNDA:0,log
FN:12336,log
FNDA:0,log
FN:12393,log
FNDA:0,log
FN:12443,log
FNDA:0,log
FN:12493,log
FNDA:0,log
FN:12543,log
FNDA:0,log
FN:12600,log
FNDA:0,log
FN:12650,log
FNDA:0,log
FN:12700,log
FNDA:0,log
FN:12750,log
FNDA:0,log
FN:12807,log
FNDA:0,log
FN:12857,log
FNDA:0,log
FN:12907,log
FNDA:0,log
FN:12957,log
FNDA:0,log
FN:13014,log
FNDA:0,log
FN:13071,log
FNDA:0,log
FN:13128,log
FNDA:0,log
FN:13185,log
FNDA:0,log
end_of_record
SF:/data/MorphoBlue/lib/setup-helpers/src/ActorManager.sol
DA:30,1
DA:31,1
DA:35,1670030
DA:36,18298064
DA:40,3392103
DA:41,3392103
DA:46,2
DA:47,0
DA:50,2
DA:51,0
DA:54,2
DA:76,405998
DA:77,405998
DA:78,7897
FN:35,_getActor
FNDA:1,_getActor
FN:40,_getActors
FNDA:1,_getActors
FN:45,_addActor
FNDA:1,_addActor
FN:58,_removeActor
FNDA:0,_removeActor
FN:76,_switchActor
FNDA:1,_switchActor
end_of_record
SF:/data/MorphoBlue/lib/setup-helpers/src/AssetManager.sol
DA:29,1091565
DA:30,1091565
DA:31,0
DA:34,1091565
DA:38,6
DA:39,6
DA:45,538721
DA:46,538721
DA:47,538721
DA:48,538721
DA:55,538721
DA:56,0
DA:59,538721
DA:76,476303
DA:77,7628
DA:89,3
DA:90,6
DA:91,3
DA:100,3
DA:101,15
DA:102,48
DA:103,36
DA:104,36
DA:114,3
DA:115,15
DA:116,48
DA:117,36
DA:118,36
FN:29,_getAsset
FNDA:1,_getAsset
FN:38,_getAssets
FNDA:1,_getAssets
FN:45,_newAsset
FNDA:1,_newAsset
FN:54,_addAsset
FNDA:1,_addAsset
FN:64,_removeAsset
FNDA:0,_removeAsset
FN:75,_switchAsset
FNDA:1,_switchAsset
FN:86,_finalizeAssetDeployment
FNDA:1,_finalizeAssetDeployment
FN:98,_mintAssetToAllActors
FNDA:1,_mintAssetToAllActors
FN:112,_approveAssetToAddressForAllActors
FNDA:1,_approveAssetToAddressForAllActors
end_of_record
SF:/data/MorphoBlue/lib/setup-helpers/src/EnumerableSet.sol
DA:41,35644
DA:65,538721
DA:67,538721
DA:70,538721
DA:71,538721
DA:73,0
DA:121,538721
DA:141,882301
DA:142,882301
DA:153,3392103
DA:154,3392103
DA:243,538721
DA:244,538721
DA:260,538721
DA:261,538721
DA:281,882301
DA:282,882301
DA:293,3392103
DA:294,3392103
FN:65,_add
FNDA:1,_add
FN:83,_remove
FNDA:0,_remove
FN:120,_contains
FNDA:1,_contains
FN:127,_length
FNDA:0,_length
FN:141,_at
FNDA:1,_at
FN:153,_values
FNDA:1,_values
FN:169,add
FNDA:0,add
FN:179,remove
FNDA:0,remove
FN:186,contains
FNDA:0,contains
FN:193,length
FNDA:0,length
FN:207,at
FNDA:0,at
FN:219,values
FNDA:0,values
FN:243,add
FNDA:1,add
FN:253,remove
FNDA:0,remove
FN:260,contains
FNDA:1,contains
FN:267,length
FNDA:0,length
FN:281,at
FNDA:1,at
FN:293,values
FNDA:1,values
FN:317,add
FNDA:0,add
FN:327,remove
FNDA:0,remove
FN:334,contains
FNDA:0,contains
FN:341,length
FNDA:0,length
FN:355,at
FNDA:0,at
FN:367,values
FNDA:0,values
end_of_record
SF:/data/MorphoBlue/lib/setup-helpers/src/MockERC20.sol
DA:34,10454690
DA:36,6883
DA:38,8620
DA:44,365989
DA:46,330508
DA:48,10971
DA:58,6670
DA:65,538727
DA:66,538727
DA:67,538727
DA:69,538727
DA:70,538727
DA:77,3944401
DA:78,3944401
DA:80,3944401
DA:82,3944401
DA:85,5092851
DA:86,5092851
DA:87,5092851
DA:89,1781436
DA:94,1781436
DA:97,1781436
DA:99,1781436
DA:102,7452776
DA:103,7452776
DA:104,7452776
DA:106,7452776
DA:107,3336859
DA:108,218441
DA:111,4334358
DA:112,4315021
DA:117,4315021
DA:120,4315021
DA:122,4315021
DA:133,3020824
DA:138,2865505
DA:142,2865505
DA:145,2865505
DA:151,2865505
DA:162,2865505
DA:164,0
DA:167,0
DA:170,2873650
DA:171,2873650
DA:174,538727
DA:177,538727
DA:178,538727
DA:179,538727
DA:180,538727
DA:181,538727
DA:191,3474746
DA:192,2748917
DA:193,2748917
DA:198,2748917
DA:201,2922982
DA:205,2879773
DA:206,2879773
DA:208,174065
DA:213,174065
DA:216,174065
DA:221,538727
DA:224,3474746
DA:228,2879773
FN:77,approve
FNDA:1,approve
FN:85,transfer
FNDA:1,transfer
FN:102,transferFrom
FNDA:1,transferFrom
FN:129,permit
FNDA:1,permit
FN:170,DOMAIN_SEPARATOR
FNDA:1,DOMAIN_SEPARATOR
FN:174,computeDomainSeparator
FNDA:1,computeDomainSeparator
FN:190,_mint
FNDA:1,_mint
FN:204,_burn
FNDA:1,_burn
FN:223,mint
FNDA:1,mint
FN:227,burn
FNDA:1,burn
end_of_record
SF:/data/MorphoBlue/lib/setup-helpers/src/Panic.sol
DA:4,20124
end_of_record
SF:/data/MorphoBlue/lib/setup-helpers/src/Utils.sol
DA:6,0
FN:11,checkError
FNDA:0,checkError
FN:34,_getRevertMsg
FNDA:0,_getRevertMsg
FN:67,_checkIfPanic
FNDA:0,_checkIfPanic
FN:79,_getPanicCode
FNDA:0,_getPanicCode
FN:119,_getErrorSelector
FNDA:0,_getErrorSelector
end_of_record
SF:/data/MorphoBlue/src/Morpho.sol
DA:49,2448
DA:54,646
DA:56,1314
DA:58,60349131
DA:60,55316477
DA:62,1326
DA:64,1054
DA:66,2979
DA:68,1249
DA:70,863
DA:76,1
DA:78,1
DA:79,1
DA:81,1
DA:88,1663052
DA:96,366557
DA:98,362996
DA:100,362996
DA:105,372218
DA:107,365052
DA:109,365052
DA:114,599274
DA:115,597550
DA:117,361634
DA:119,361634
DA:124,726454
DA:125,726454
DA:126,400752
DA:127,396306
DA:130,396306
DA:133,396017
DA:135,396017
DA:140,568256
DA:142,544896
DA:144,544896
DA:151,841655
DA:152,841655
DA:153,98390
DA:154,57962
DA:157,57962
DA:158,57962
DA:160,57962
DA:163,57962
DA:175,3110909
DA:176,3110909
DA:177,3110909
DA:178,2217407
DA:179,2217407
DA:181,2217407
DA:183,2216187
DA:184,593145
DA:186,2216187
DA:187,2216187
DA:188,2140213
DA:190,2140213
DA:192,2140213
DA:206,1480238
DA:207,1480238
DA:208,1480238
DA:209,463417
DA:210,463417
DA:212,463417
DA:214,462864
DA:216,462105
DA:217,200491
DA:219,462105
DA:220,462105
DA:221,462105
DA:223,462105
DA:225,452519
DA:241,3141156
DA:242,3141156
DA:243,3141156
DA:244,2255381
DA:245,2255381
DA:247,2255381
DA:249,2055271
DA:251,2054526
DA:252,452305
DA:254,2054526
DA:255,2052362
DA:256,2052357
DA:258,2052357
DA:259,738869
DA:261,692738
DA:263,1145257
DA:265,1145247
DA:275,1064037
DA:276,1064037
DA:277,1064037
DA:278,112317
DA:279,112317
DA:281,112317
DA:283,111704
DA:284,43364
DA:286,111704
DA:287,111497
DA:288,111497
DA:291,111497
DA:293,111497
DA:295,2251710
DA:297,2249300
DA:306,2466327
DA:307,2466327
DA:308,1567745
DA:309,1567745
DA:313,1567745
DA:315,1567745
DA:317,1567745
DA:319,1567745
DA:326,1042057
DA:327,1042057
DA:328,140508
DA:329,140508
DA:331,140508
DA:333,140508
DA:335,140196
DA:337,140196
DA:339,126626
DA:341,126626
DA:353,1325596
DA:354,1325596
DA:355,1325596
DA:356,425909
DA:358,425909
DA:361,425458
DA:363,425458
DA:366,311972
DA:368,311972
DA:371,311972
DA:372,307724
DA:374,307724
DA:375,307724
DA:377,4248
DA:378,4248
DA:381,310536
DA:383,310536
DA:384,310102
DA:385,310102
DA:387,310102
DA:391,307634
DA:392,304695
DA:394,304695
DA:395,304695
DA:398,304695
DA:399,304695
DA:400,304695
DA:401,304695
DA:406,307634
DA:409,307634
DA:411,307512
DA:413,307512
DA:415,307512
DA:422,1481759
DA:424,1467129
DA:426,1467129
DA:428,158505
DA:430,146627
DA:437,1431626
DA:439,689986
DA:441,689986
DA:447,780809
DA:448,746822
DA:450,30435
DA:451,30435
DA:452,30435
DA:454,30435
DA:456,0
DA:458,0
DA:461,0
DA:466,2859306
DA:467,2859306
DA:474,1907140
DA:475,1907140
DA:477,1052451
DA:483,6863033
DA:484,6863033
DA:486,5303547
DA:487,5303547
DA:488,5303547
DA:489,5303547
DA:490,5303547
DA:493,5303547
DA:494,572610
DA:498,572610
DA:499,572610
DA:500,572610
DA:503,5282160
DA:507,5282160
DA:514,2192553
DA:515,2192553
DA:517,2125292
DA:519,2125292
DA:529,2550750
DA:531,2550750
DA:532,2550750
DA:533,2550750
DA:534,2550750
DA:536,2336867
DA:542,26962
DA:543,26962
DA:545,26962
DA:547,56086
DA:548,29124
DA:551,29124
FN:95,setOwner
FNDA:1,setOwner
FN:104,enableIrm
FNDA:1,enableIrm
FN:113,enableLltv
FNDA:1,enableLltv
FN:123,setFee
FNDA:1,setFee
FN:139,setFeeRecipient
FNDA:1,setFeeRecipient
FN:150,createMarket
FNDA:1,createMarket
FN:169,supply
FNDA:1,supply
FN:200,withdraw
FNDA:1,withdraw
FN:235,borrow
FNDA:1,borrow
FN:269,repay
FNDA:1,repay
FN:303,supplyCollateral
FNDA:1,supplyCollateral
FN:323,withdrawCollateral
FNDA:1,withdrawCollateral
FN:347,liquidate
FNDA:1,liquidate
FN:421,flashLoan
FNDA:1,flashLoan
FN:436,setAuthorization
FNDA:1,setAuthorization
FN:445,setAuthorizationWithSig
FNDA:1,setAuthorizationWithSig
FN:466,_isSenderAuthorized
FNDA:1,_isSenderAuthorized
FN:473,accrueInterest
FNDA:1,accrueInterest
FN:482,_accrueInterest
FNDA:1,_accrueInterest
FN:514,_isHealthy
FNDA:1,_isHealthy
FN:526,_isHealthy
FNDA:1,_isHealthy
FN:542,extSloads
FNDA:1,extSloads
end_of_record
SF:/data/MorphoBlue/src/interfaces/IERC20.sol
end_of_record
SF:/data/MorphoBlue/src/interfaces/IIrm.sol
end_of_record
SF:/data/MorphoBlue/src/interfaces/IMorpho.sol
end_of_record
SF:/data/MorphoBlue/src/interfaces/IMorphoCallbacks.sol
end_of_record
SF:/data/MorphoBlue/src/interfaces/IOracle.sol
end_of_record
SF:/data/MorphoBlue/src/libraries/ConstantsLib.sol
DA:5,396306
DA:8,2550750
DA:11,311972
DA:14,311972
DA:17,1
DA:21,30435
end_of_record
SF:/data/MorphoBlue/src/libraries/ErrorsLib.sol
DA:8,14394
end_of_record
SF:/data/MorphoBlue/src/libraries/EventsLib.sol
DA:10,18201
end_of_record
SF:/data/MorphoBlue/src/libraries/MarketParamsLib.sol
DA:10,11678
DA:18,59898524
FN:16,id
FNDA:1,id
end_of_record
SF:/data/MorphoBlue/src/libraries/MathLib.sol
DA:4,8529244
DA:10,12908
DA:12,8529244
DA:13,8529244
DA:17,2565172
DA:18,2565172
DA:22,307724
DA:23,307724
DA:27,24924344
DA:28,24924344
DA:32,6589497
DA:33,6589497
DA:38,5303547
DA:39,5303547
DA:40,10607094
DA:41,5303547
DA:43,5303547
FN:12,wMulDown
FNDA:1,wMulDown
FN:17,wDivDown
FNDA:1,wDivDown
FN:22,wDivUp
FNDA:1,wDivUp
FN:27,mulDivDown
FNDA:1,mulDivDown
FN:32,mulDivUp
FNDA:1,mulDivUp
FN:38,wTaylorCompounded
FNDA:1,wTaylorCompounded
end_of_record
SF:/data/MorphoBlue/src/libraries/SafeTransferLib.sol
DA:18,13594
DA:20,3046646
DA:22,2827454
DA:23,2827454
DA:24,2827454
DA:25,1737890
DA:29,4273594
DA:31,4273594
DA:32,4273594
DA:33,4273594
DA:34,4258877
FN:19,safeTransfer
FNDA:1,safeTransfer
FN:28,safeTransferFrom
FNDA:1,safeTransferFrom
end_of_record
SF:/data/MorphoBlue/src/libraries/SharesMathLib.sol
DA:12,60675
DA:20,3802490
DA:24,3802490
DA:27,2263992
DA:28,2921036
DA:32,657044
DA:33,657044
DA:37,2171559
DA:38,2171559
DA:42,3802490
DA:43,5974049
FN:27,toSharesDown
FNDA:1,toSharesDown
FN:32,toAssetsDown
FNDA:1,toAssetsDown
FN:37,toSharesUp
FNDA:1,toSharesUp
FN:42,toAssetsUp
FNDA:1,toAssetsUp
end_of_record
SF:/data/MorphoBlue/src/libraries/UtilsLib.sol
DA:11,14480
DA:15,2255381
DA:22,616667
DA:27,26817125
DA:28,26817125
DA:29,26816341
DA:35,310102
FN:13,exactlyOneZero
FNDA:1,exactlyOneZero
FN:20,min
FNDA:1,min
FN:27,toUint128
FNDA:1,toUint128
FN:33,zeroFloorSub
FNDA:1,zeroFloorSub
end_of_record
SF:/data/MorphoBlue/src/libraries/periphery/MorphoBalancesLib.sol
DA:20,14753
DA:36,0
DA:38,0
DA:39,0
DA:41,0
DA:44,0
DA:45,0
DA:46,0
DA:47,0
DA:48,0
DA:50,0
DA:51,0
DA:54,0
DA:55,0
DA:56,0
DA:60,0
DA:67,0
DA:69,0
DA:76,0
DA:78,0
DA:85,0
DA:87,0
DA:95,0
DA:97,0
DA:98,0
DA:99,0
DA:101,0
DA:110,0
DA:112,0
DA:113,0
DA:114,0
DA:116,0
FN:33,expectedMarketBalances
FNDA:0,expectedMarketBalances
FN:64,expectedTotalSupplyAssets
FNDA:0,expectedTotalSupplyAssets
FN:73,expectedTotalBorrowAssets
FNDA:0,expectedTotalBorrowAssets
FN:82,expectedTotalSupplyShares
FNDA:0,expectedTotalSupplyShares
FN:92,expectedSupplyAssets
FNDA:0,expectedSupplyAssets
FN:107,expectedBorrowAssets
FNDA:0,expectedBorrowAssets
end_of_record
SF:/data/MorphoBlue/src/libraries/periphery/MorphoLib.sol
DA:12,41922
DA:13,0
DA:14,0
DA:15,0
DA:18,0
DA:19,0
DA:20,0
DA:23,0
DA:24,0
DA:25,0
DA:28,0
DA:29,0
DA:30,0
DA:33,0
DA:34,0
DA:35,0
DA:38,0
DA:39,0
DA:40,0
DA:43,0
DA:44,0
DA:45,0
DA:48,0
DA:49,0
DA:50,0
DA:53,0
DA:54,0
DA:55,0
DA:58,0
DA:59,0
DA:60,0
DA:61,0
FN:13,supplyShares
FNDA:0,supplyShares
FN:18,borrowShares
FNDA:0,borrowShares
FN:23,collateral
FNDA:0,collateral
FN:28,totalSupplyAssets
FNDA:0,totalSupplyAssets
FN:33,totalSupplyShares
FNDA:0,totalSupplyShares
FN:38,totalBorrowAssets
FNDA:0,totalBorrowAssets
FN:43,totalBorrowShares
FNDA:0,totalBorrowShares
FN:48,lastUpdate
FNDA:0,lastUpdate
FN:53,fee
FNDA:0,fee
FN:58,_array
FNDA:0,_array
end_of_record
SF:/data/MorphoBlue/src/libraries/periphery/MorphoStorageLib.sol
DA:11,21649
DA:15,0
DA:16,0
DA:17,0
DA:18,0
DA:19,0
DA:20,0
DA:21,0
DA:22,0
DA:26,0
DA:27,0
DA:28,0
DA:29,0
DA:30,0
DA:32,0
DA:33,0
DA:35,0
DA:36,0
DA:37,0
DA:41,0
DA:49,0
DA:52,0
DA:56,0
DA:58,0
DA:63,0
DA:64,0
DA:67,0
DA:68,0
DA:71,0
DA:72,0
DA:75,0
DA:76,0
DA:79,0
DA:80,0
DA:84,0
DA:87,0
DA:88,0
DA:91,0
DA:92,0
DA:95,0
DA:96,0
DA:99,0
DA:100,0
DA:103,0
DA:104,0
DA:107,0
DA:108,0
FN:41,ownerSlot
FNDA:0,ownerSlot
FN:45,feeRecipientSlot
FNDA:0,feeRecipientSlot
FN:49,positionSupplySharesSlot
FNDA:0,positionSupplySharesSlot
FN:56,positionBorrowSharesAndCollateralSlot
FNDA:0,positionBorrowSharesAndCollateralSlot
FN:63,marketTotalSupplyAssetsAndSharesSlot
FNDA:0,marketTotalSupplyAssetsAndSharesSlot
FN:67,marketTotalBorrowAssetsAndSharesSlot
FNDA:0,marketTotalBorrowAssetsAndSharesSlot
FN:71,marketLastUpdateAndFeeSlot
FNDA:0,marketLastUpdateAndFeeSlot
FN:75,isIrmEnabledSlot
FNDA:0,isIrmEnabledSlot
FN:79,isLltvEnabledSlot
FNDA:0,isLltvEnabledSlot
FN:83,isAuthorizedSlot
FNDA:0,isAuthorizedSlot
FN:87,nonceSlot
FNDA:0,nonceSlot
FN:91,idToLoanTokenSlot
FNDA:0,idToLoanTokenSlot
FN:95,idToCollateralTokenSlot
FNDA:0,idToCollateralTokenSlot
FN:99,idToOracleSlot
FNDA:0,idToOracleSlot
FN:103,idToIrmSlot
FNDA:0,idToIrmSlot
FN:107,idToLltvSlot
FNDA:0,idToLltvSlot
end_of_record
SF:/data/MorphoBlue/src/mocks/ERC20Mock.sol
DA:6,0
DA:7,0
DA:9,0
DA:10,0
DA:13,0
DA:14,0
DA:16,0
DA:19,0
DA:20,0
DA:22,0
DA:24,0
DA:27,0
DA:28,0
DA:30,0
DA:31,0
DA:33,0
DA:38,0
DA:39,0
DA:41,0
DA:43,0
DA:45,0
DA:46,0
DA:48,0
DA:50,0
FN:12,setBalance
FNDA:0,setBalance
FN:19,approve
FNDA:0,approve
FN:27,transfer
FNDA:0,transfer
FN:38,transferFrom
FNDA:0,transferFrom
end_of_record
SF:/data/MorphoBlue/src/mocks/FlashBorrowerMock.sol
DA:12,487373
DA:16,527898
DA:20,249207
DA:21,154767
DA:22,146627
FN:15,flashLoan
FNDA:1,flashLoan
FN:19,onMorphoFlashLoan
FNDA:1,onMorphoFlashLoan
end_of_record
SF:/data/MorphoBlue/src/mocks/IrmMock.sol
DA:9,1
DA:12,5305681
DA:13,5305681
DA:15,2565172
DA:19,2565172
DA:22,5303901
DA:23,5303901
FN:12,borrowRateView
FNDA:1,borrowRateView
FN:22,borrowRate
FNDA:1,borrowRate
end_of_record
SF:/data/MorphoBlue/src/mocks/OracleMock.sol
DA:6,1
DA:7,2566413
DA:10,1149890
FN:9,setPrice
FNDA:1,setPrice
end_of_record
SF:/data/MorphoBlue/src/mocks/interfaces/IERC20.sol
end_of_record
SF:/data/MorphoBlue/test/BaseTest.sol
DA:20,0
DA:29,0
DA:30,0
DA:31,0
DA:32,0
DA:33,0
DA:34,0
DA:35,0
DA:36,0
DA:37,0
DA:38,0
DA:39,0
DA:40,0
DA:61,0
DA:62,0
DA:63,0
DA:64,0
DA:65,0
DA:66,0
DA:67,0
DA:68,0
DA:70,0
DA:72,0
DA:73,0
DA:75,0
DA:76,0
DA:78,0
DA:80,0
DA:82,0
DA:84,0
DA:85,0
DA:86,0
DA:87,0
DA:88,0
DA:89,0
DA:91,0
DA:92,0
DA:94,0
DA:95,0
DA:96,0
DA:98,0
DA:99,0
DA:100,0
DA:102,0
DA:103,0
DA:104,0
DA:106,0
DA:107,0
DA:108,0
DA:110,0
DA:111,0
DA:112,0
DA:113,0
DA:114,0
DA:116,0
DA:120,0
DA:121,0
DA:122,0
DA:123,0
DA:124,0
DA:127,0
DA:129,0
DA:130,0
DA:131,0
DA:132,0
DA:134,0
DA:139,0
DA:140,0
DA:144,0
DA:145,0
DA:149,0
DA:150,0
DA:164,0
DA:166,0
DA:167,0
DA:169,0
DA:171,0
DA:172,0
DA:175,0
DA:176,0
DA:181,0
DA:182,0
DA:183,0
DA:189,0
DA:191,0
DA:192,0
DA:194,0
DA:195,0
DA:196,0
DA:198,0
DA:199,0
DA:202,0
DA:203,0
DA:209,0
DA:211,0
DA:213,0
DA:215,0
DA:221,0
DA:223,0
DA:225,0
DA:226,0
DA:227,0
DA:230,0
DA:231,0
DA:232,0
DA:239,0
DA:241,0
DA:243,0
DA:249,0
DA:251,0
DA:253,0
DA:256,0
DA:257,0
DA:258,0
DA:266,0
DA:268,0
DA:270,0
DA:271,0
DA:273,0
DA:295,0
DA:297,0
DA:299,0
DA:300,0
DA:301,0
DA:303,0
DA:309,0
DA:311,0
DA:313,0
DA:314,0
DA:316,0
DA:322,0
DA:324,0
DA:326,0
DA:328,0
DA:334,0
DA:336,0
DA:338,0
DA:339,0
DA:340,0
DA:341,0
DA:342,0
DA:343,0
DA:345,0
DA:346,0
DA:352,0
DA:354,0
DA:356,0
DA:357,0
DA:358,0
DA:360,0
DA:361,0
DA:363,0
DA:364,0
DA:367,0
DA:368,0
DA:370,0
DA:372,0
DA:375,0
DA:376,0
DA:377,0
DA:379,0
DA:382,0
DA:383,0
DA:386,0
DA:387,0
DA:391,0
DA:394,0
DA:395,0
DA:397,0
DA:400,0
DA:401,0
DA:403,0
FN:60,setUp
FNDA:0,setUp
FN:119,_setLltv
FNDA:0,_setLltv
FN:138,_forward
FNDA:0,_forward
FN:144,_boundBlocks
FNDA:0,_boundBlocks
FN:148,_supply
FNDA:0,_supply
FN:153,_supplyCollateralForBorrower
FNDA:0,_supplyCollateralForBorrower
FN:161,_boundHealthyPosition
FNDA:0,_boundHealthyPosition
FN:186,_boundUnhealthyPosition
FNDA:0,_boundUnhealthyPosition
FN:202,_boundTestLltv
FNDA:0,_boundTestLltv
FN:206,_boundSupplyCollateralAssets
FNDA:0,_boundSupplyCollateralAssets
FN:218,_boundWithdrawCollateralAssets
FNDA:0,_boundWithdrawCollateralAssets
FN:236,_boundSupplyAssets
FNDA:0,_boundSupplyAssets
FN:246,_boundSupplyShares
FNDA:0,_boundSupplyShares
FN:263,_boundWithdrawAssets
FNDA:0,_boundWithdrawAssets
FN:276,_boundWithdrawShares
FNDA:0,_boundWithdrawShares
FN:292,_boundBorrowAssets
FNDA:0,_boundBorrowAssets
FN:306,_boundRepayAssets
FNDA:0,_boundRepayAssets
FN:319,_boundRepayShares
FNDA:0,_boundRepayShares
FN:331,_boundLiquidateSeizedAssets
FNDA:0,_boundLiquidateSeizedAssets
FN:349,_boundLiquidateRepaidShares
FNDA:0,_boundLiquidateRepaidShares
FN:367,_maxBorrow
FNDA:0,_maxBorrow
FN:375,_isHealthy
FNDA:0,_isHealthy
FN:382,_liquidationIncentiveFactor
FNDA:0,_liquidationIncentiveFactor
FN:386,_boundValidLltv
FNDA:0,_boundValidLltv
FN:390,neq
FNDA:0,neq
FN:394,_randomCandidate
FNDA:0,_randomCandidate
FN:400,_randomNonZero
FNDA:0,_randomNonZero
end_of_record
SF:/data/MorphoBlue/test/InvariantTest.sol
DA:6,0
DA:16,0
DA:18,0
DA:20,0
DA:21,0
DA:25,0
DA:31,0
DA:32,0
DA:33,0
DA:34,0
DA:35,0
DA:36,0
DA:37,0
DA:38,0
DA:44,0
DA:45,0
DA:46,0
DA:47,0
DA:53,0
DA:55,0
DA:63,0
DA:65,0
DA:66,0
DA:68,0
DA:69,0
DA:71,0
DA:72,0
DA:82,0
DA:84,0
DA:85,0
DA:87,0
DA:88,0
DA:90,0
DA:91,0
DA:101,0
DA:103,0
DA:104,0
DA:106,0
DA:107,0
DA:109,0
DA:110,0
DA:114,0
DA:120,0
DA:122,0
DA:124,0
DA:125,0
DA:127,0
DA:128,0
DA:132,0
FN:15,setUp
FNDA:0,setUp
FN:30,_targetSenders
FNDA:0,_targetSenders
FN:41,_targetSender
FNDA:0,_targetSender
FN:52,mine
FNDA:0,mine
FN:60,_randomSupplier
FNDA:0,_randomSupplier
FN:79,_randomBorrower
FNDA:0,_randomBorrower
FN:98,_randomHealthyCollateralSupplier
FNDA:0,_randomHealthyCollateralSupplier
FN:117,_randomUnhealthyBorrower
FNDA:0,_randomUnhealthyBorrower
end_of_record
SF:/data/MorphoBlue/test/MarketParamsLibTest.sol
DA:8,0
DA:12,0
FN:11,testMarketParamsId
FNDA:0,testMarketParamsId
end_of_record
SF:/data/MorphoBlue/test/helpers/ArrayLib.sol
DA:4,14411
DA:5,0
DA:6,0
DA:8,0
DA:9,0
DA:10,0
DA:12,0
DA:13,0
DA:14,0
DA:19,0
FN:5,removeAll
FNDA:0,removeAll
end_of_record
SF:/data/MorphoBlue/test/helpers/Math.sol
DA:4,42050
DA:9,0
DA:10,0
DA:13,0
DA:14,0
FN:5,max
FNDA:0,max
FN:9,min
FNDA:0,min
FN:13,zeroFloorSub
FNDA:0,zeroFloorSub
end_of_record
SF:/data/MorphoBlue/test/helpers/SigUtils.sol
DA:8,1
DA:13,0
DA:15,0
DA:18,0
DA:22,0
DA:23,0
DA:24,0
DA:25,0
DA:26,0
FN:10,getTypedDataHash
FNDA:0,getTypedDataHash
FN:18,hashStruct
FNDA:0,hashStruct
end_of_record
SF:/data/MorphoBlue/test/helpers/WadMath.sol
DA:10,1
DA:11,1863
DA:12,580
DA:13,546
DA:15,0
DA:16,0
DA:18,0
DA:20,0
DA:23,0
DA:24,0
DA:25,0
DA:26,0
DA:27,0
DA:36,0
DA:38,0
DA:39,0
DA:40,0
DA:41,0
DA:42,0
DA:43,0
DA:44,0
DA:45,0
DA:46,0
DA:47,0
DA:48,0
DA:49,0
DA:50,0
DA:51,0
DA:52,0
DA:53,0
DA:54,0
DA:55,0
DA:56,0
DA:57,0
DA:58,0
DA:59,0
DA:60,0
DA:61,0
DA:62,0
DA:63,0
DA:64,0
DA:65,0
DA:66,0
DA:67,0
DA:68,0
DA:69,0
DA:70,0
DA:71,0
DA:72,0
DA:73,0
DA:74,0
DA:75,0
DA:76,0
DA:77,0
DA:78,0
DA:79,0
DA:80,0
DA:81,0
DA:82,0
DA:83,0
DA:84,0
DA:85,0
DA:86,0
DA:87,0
DA:88,0
DA:89,0
DA:90,0
DA:91,0
DA:92,0
DA:93,0
DA:94,0
DA:95,0
DA:96,0
DA:97,0
DA:98,0
DA:99,0
DA:100,0
DA:101,0
DA:102,0
DA:103,0
DA:104,0
DA:105,0
DA:106,0
DA:107,0
DA:108,0
DA:109,0
DA:110,0
DA:111,0
DA:112,0
DA:113,0
DA:114,0
DA:115,0
DA:116,0
DA:117,0
DA:118,0
DA:119,0
DA:120,0
DA:121,0
DA:122,0
DA:123,0
DA:124,0
DA:125,0
DA:126,0
DA:127,0
DA:128,0
DA:129,0
DA:130,0
DA:131,0
DA:132,0
DA:133,0
DA:134,0
DA:135,0
DA:136,0
DA:137,0
DA:138,0
DA:139,0
DA:140,0
DA:141,0
DA:142,0
DA:143,0
DA:144,0
DA:145,0
DA:146,0
DA:147,0
DA:148,0
DA:149,0
DA:150,0
DA:151,0
DA:152,0
DA:153,0
DA:154,0
DA:155,0
DA:156,0
DA:157,0
DA:158,0
DA:159,0
DA:161,0
FN:15,wadDivUp
FNDA:0,wadDivUp
FN:23,wadExpUp
FNDA:0,wadExpUp
FN:36,pow2
FNDA:0,pow2
end_of_record
SF:/data/MorphoBlue/test/integration/AccrueInterestIntegrationTest.sol
DA:6,0
DA:12,0
DA:14,0
DA:15,0
DA:19,0
DA:20,0
DA:21,0
DA:23,0
DA:25,0
DA:27,0
DA:31,0
DA:32,0
DA:33,0
DA:34,0
DA:36,0
DA:37,0
DA:39,0
DA:41,0
DA:42,0
DA:43,0
DA:44,0
DA:46,0
DA:47,0
DA:48,0
DA:50,0
DA:52,0
DA:53,0
DA:54,0
DA:55,0
DA:59,0
DA:60,0
DA:62,0
DA:63,0
DA:65,0
DA:67,0
DA:68,0
DA:69,0
DA:71,0
DA:73,0
DA:74,0
DA:75,0
DA:76,0
DA:77,0
DA:81,0
DA:82,0
DA:83,0
DA:84,0
DA:85,0
DA:87,0
DA:88,0
DA:89,0
DA:91,0
DA:93,0
DA:94,0
DA:96,0
DA:97,0
DA:99,0
DA:101,0
DA:102,0
DA:103,0
DA:104,0
DA:105,0
DA:106,0
DA:108,0
DA:109,0
DA:110,0
DA:112,0
DA:113,0
DA:114,0
DA:115,0
DA:116,0
DA:132,0
DA:134,0
DA:135,0
DA:136,0
DA:137,0
DA:138,0
DA:139,0
DA:142,0
DA:143,0
DA:144,0
DA:146,0
DA:147,0
DA:149,0
DA:151,0
DA:152,0
DA:153,0
DA:154,0
DA:156,0
DA:158,0
DA:159,0
DA:160,0
DA:161,0
DA:162,0
DA:163,0
DA:164,0
DA:165,0
DA:167,0
DA:168,0
DA:171,0
DA:172,0
DA:173,0
DA:175,0
DA:176,0
DA:177,0
DA:180,0
DA:181,0
DA:182,0
DA:185,0
DA:186,0
DA:187,0
DA:190,0
DA:191,0
FN:11,testAccrueInterestMarketNotCreated
FNDA:0,testAccrueInterestMarketNotCreated
FN:18,testAccrueInterestIrmZero
FNDA:0,testAccrueInterestIrmZero
FN:30,testAccrueInterestNoTimeElapsed
FNDA:0,testAccrueInterestNoTimeElapsed
FN:58,testAccrueInterestNoBorrow
FNDA:0,testAccrueInterestNoBorrow
FN:80,testAccrueInterestNoFee
FNDA:0,testAccrueInterestNoFee
FN:129,testAccrueInterestWithFees
FNDA:0,testAccrueInterestWithFees
end_of_record
SF:/data/MorphoBlue/test/integration/AuthorizationIntegrationTest.sol
DA:6,0
DA:8,0
DA:10,0
DA:12,0
DA:14,0
DA:16,0
DA:20,0
DA:21,0
DA:23,0
DA:25,0
DA:26,0
DA:34,0
DA:35,0
DA:36,0
DA:39,0
DA:40,0
DA:41,0
DA:44,0
DA:45,0
DA:47,0
DA:49,0
DA:50,0
DA:54,0
DA:55,0
DA:58,0
DA:59,0
DA:62,0
DA:63,0
DA:65,0
DA:70,0
DA:71,0
DA:72,0
DA:75,0
DA:76,0
DA:79,0
DA:80,0
DA:82,0
DA:83,0
DA:87,0
DA:88,0
DA:91,0
DA:92,0
DA:93,0
DA:96,0
DA:97,0
DA:99,0
DA:101,0
DA:102,0
DA:106,0
DA:107,0
DA:110,0
DA:111,0
DA:112,0
DA:115,0
DA:116,0
DA:118,0
DA:120,0
DA:121,0
FN:7,testSetAuthorization
FNDA:0,testSetAuthorization
FN:19,testAlreadySet
FNDA:0,testAlreadySet
FN:29,testSetAuthorizationWithSignatureDeadlineOutdated
FNDA:0,testSetAuthorizationWithSignatureDeadlineOutdated
FN:53,testAuthorizationWithSigWrongPK
FNDA:0,testAuthorizationWithSigWrongPK
FN:69,testAuthorizationWithSigWrongNonce
FNDA:0,testAuthorizationWithSigWrongNonce
FN:86,testAuthorizationWithSig
FNDA:0,testAuthorizationWithSig
FN:105,testAuthorizationFailsWithReusedSig
FNDA:0,testAuthorizationFailsWithReusedSig
end_of_record
SF:/data/MorphoBlue/test/integration/BorrowIntegrationTest.sol
DA:6,0
DA:14,0
DA:16,0
DA:17,0
DA:18,0
DA:22,0
DA:23,0
DA:24,0
DA:28,0
DA:29,0
DA:31,0
DA:32,0
DA:33,0
DA:37,0
DA:39,0
DA:41,0
DA:42,0
DA:43,0
DA:47,0
DA:48,0
DA:50,0
DA:52,0
DA:54,0
DA:55,0
DA:56,0
DA:58,0
DA:59,0
DA:60,0
DA:70,0
DA:72,0
DA:73,0
DA:75,0
DA:77,0
DA:79,0
DA:80,0
DA:81,0
DA:93,0
DA:94,0
DA:95,0
DA:96,0
DA:98,0
DA:100,0
DA:102,0
DA:103,0
DA:104,0
DA:105,0
DA:106,0
DA:116,0
DA:118,0
DA:119,0
DA:121,0
DA:123,0
DA:125,0
DA:126,0
DA:128,0
DA:130,0
DA:131,0
DA:132,0
DA:133,0
DA:134,0
DA:136,0
DA:137,0
DA:138,0
DA:139,0
DA:140,0
DA:151,0
DA:152,0
DA:153,0
DA:154,0
DA:155,0
DA:156,0
DA:157,0
DA:158,0
DA:159,0
DA:161,0
DA:162,0
DA:164,0
DA:166,0
DA:168,0
DA:169,0
DA:171,0
DA:172,0
DA:173,0
DA:174,0
DA:175,0
DA:177,0
DA:178,0
DA:179,0
DA:180,0
DA:181,0
DA:182,0
DA:183,0
DA:193,0
DA:195,0
DA:196,0
DA:198,0
DA:200,0
DA:202,0
DA:203,0
DA:204,0
DA:206,0
DA:208,0
DA:210,0
DA:211,0
DA:212,0
DA:213,0
DA:214,0
DA:216,0
DA:217,0
DA:218,0
DA:219,0
DA:220,0
DA:221,0
DA:222,0
DA:231,0
DA:232,0
DA:233,0
DA:234,0
DA:235,0
DA:236,0
DA:237,0
DA:238,0
DA:239,0
DA:241,0
DA:242,0
DA:244,0
DA:246,0
DA:248,0
DA:249,0
DA:250,0
DA:252,0
DA:254,0
DA:255,0
DA:256,0
DA:257,0
DA:258,0
DA:260,0
DA:261,0
DA:262,0
DA:263,0
DA:264,0
FN:11,testBorrowMarketNotCreated
FNDA:0,testBorrowMarketNotCreated
FN:21,testBorrowZeroAmount
FNDA:0,testBorrowZeroAmount
FN:27,testBorrowInconsistentInput
FNDA:0,testBorrowInconsistentInput
FN:36,testBorrowToZeroAddress
FNDA:0,testBorrowToZeroAddress
FN:46,testBorrowUnauthorized
FNDA:0,testBorrowUnauthorized
FN:63,testBorrowUnhealthyPosition
FNDA:0,testBorrowUnhealthyPosition
FN:86,testBorrowInsufficientLiquidity
FNDA:0,testBorrowInsufficientLiquidity
FN:109,testBorrowAssets
FNDA:0,testBorrowAssets
FN:145,testBorrowShares
FNDA:0,testBorrowShares
FN:186,testBorrowAssetsOnBehalf
FNDA:0,testBorrowAssetsOnBehalf
FN:225,testBorrowSharesOnBehalf
FNDA:0,testBorrowSharesOnBehalf
end_of_record
SF:/data/MorphoBlue/test/integration/CallbacksIntegrationTest.sol
DA:6,0
DA:21,0
DA:22,0
DA:23,0
DA:24,0
DA:25,0
DA:30,0
DA:31,0
DA:32,0
DA:33,0
DA:34,0
DA:35,0
DA:36,0
DA:37,0
DA:38,0
DA:43,0
DA:44,0
DA:45,0
DA:46,0
DA:47,0
DA:48,0
DA:49,0
DA:50,0
DA:55,0
DA:56,0
DA:57,0
DA:58,0
DA:59,0
DA:64,0
DA:65,0
DA:66,0
DA:67,0
DA:68,0
DA:69,0
DA:76,0
DA:78,0
DA:79,0
DA:81,0
DA:83,0
DA:87,0
DA:88,0
DA:92,0
DA:94,0
DA:95,0
DA:97,0
DA:99,0
DA:100,0
DA:101,0
DA:106,0
DA:108,0
DA:109,0
DA:111,0
DA:112,0
DA:113,0
DA:117,0
DA:119,0
DA:120,0
DA:122,0
DA:123,0
DA:124,0
DA:125,0
DA:130,0
DA:131,0
DA:132,0
DA:134,0
DA:136,0
DA:137,0
DA:139,0
DA:140,0
DA:141,0
DA:143,0
DA:145,0
DA:146,0
DA:147,0
DA:151,0
DA:152,0
DA:153,0
DA:155,0
DA:157,0
DA:158,0
DA:160,0
DA:161,0
DA:162,0
DA:164,0
DA:166,0
DA:167,0
DA:169,0
DA:170,0
DA:171,0
DA:172,0
DA:177,0
DA:178,0
DA:179,0
DA:181,0
DA:183,0
DA:184,0
DA:186,0
DA:187,0
DA:188,0
DA:189,0
DA:190,0
DA:192,0
DA:194,0
DA:195,0
DA:196,0
DA:198,0
DA:199,0
DA:201,0
FN:20,onMorphoSupply
FNDA:0,onMorphoSupply
FN:29,onMorphoSupplyCollateral
FNDA:0,onMorphoSupplyCollateral
FN:42,onMorphoRepay
FNDA:0,onMorphoRepay
FN:54,onMorphoLiquidate
FNDA:0,onMorphoLiquidate
FN:63,onMorphoFlashLoan
FNDA:0,onMorphoFlashLoan
FN:75,testFlashLoan
FNDA:0,testFlashLoan
FN:86,testFlashLoanZero
FNDA:0,testFlashLoanZero
FN:91,testFlashLoanShouldRevertIfNotReimbursed
FNDA:0,testFlashLoanShouldRevertIfNotReimbursed
FN:105,testSupplyCallback
FNDA:0,testSupplyCallback
FN:116,testSupplyCollateralCallback
FNDA:0,testSupplyCollateralCallback
FN:129,testRepayCallback
FNDA:0,testRepayCallback
FN:150,testLiquidateCallback
FNDA:0,testLiquidateCallback
FN:176,testFlashActions
FNDA:0,testFlashActions
end_of_record
SF:/data/MorphoBlue/test/integration/CreateMarketIntegrationTest.sol
DA:6,0
DA:12,0
DA:14,0
DA:15,0
DA:16,0
DA:20,0
DA:28,0
DA:30,0
DA:31,0
DA:32,0
DA:34,0
DA:40,0
DA:41,0
DA:42,0
DA:44,0
DA:45,0
DA:46,0
DA:48,0
DA:49,0
DA:50,0
DA:51,0
DA:53,0
DA:54,0
DA:55,0
DA:56,0
DA:57,0
DA:58,0
DA:62,0
DA:63,0
DA:65,0
DA:66,0
DA:67,0
DA:69,0
DA:70,0
DA:72,0
DA:78,0
DA:79,0
DA:80,0
DA:82,0
DA:83,0
DA:84,0
DA:86,0
DA:87,0
DA:89,0
DA:91,0
DA:92,0
DA:93,0
DA:94,0
DA:95,0
FN:11,testCreateMarketWithNotEnabledIrmAndNotEnabledLltv
FNDA:0,testCreateMarketWithNotEnabledIrmAndNotEnabledLltv
FN:19,testCreateMarketWithNotEnabledIrmAndEnabledLltv
FNDA:0,testCreateMarketWithNotEnabledIrmAndEnabledLltv
FN:27,testCreateMarketWithEnabledIrmAndNotEnabledLltv
FNDA:0,testCreateMarketWithEnabledIrmAndNotEnabledLltv
FN:39,testCreateMarketWithEnabledIrmAndLltv
FNDA:0,testCreateMarketWithEnabledIrmAndLltv
FN:61,testCreateMarketAlreadyCreated
FNDA:0,testCreateMarketAlreadyCreated
FN:77,testIdToMarketParams
FNDA:0,testIdToMarketParams
end_of_record
SF:/data/MorphoBlue/test/integration/ExtSloadIntegrationTest.sol
DA:6,0
DA:8,0
DA:9,0
DA:10,0
DA:12,0
DA:13,0
DA:14,0
DA:16,0
DA:18,0
DA:19,0
DA:20,0
FN:7,testExtSloads
FNDA:0,testExtSloads
end_of_record
SF:/data/MorphoBlue/test/integration/LiquidateIntegrationTest.sol
DA:6,0
DA:12,0
DA:13,0
DA:15,0
DA:16,0
DA:20,0
DA:21,0
DA:23,0
DA:24,0
DA:28,0
DA:29,0
DA:31,0
DA:33,0
DA:34,0
DA:45,0
DA:47,0
DA:49,0
DA:50,0
DA:52,0
DA:54,0
DA:56,0
DA:57,0
DA:59,0
DA:60,0
DA:61,0
DA:62,0
DA:64,0
DA:65,0
DA:66,0
DA:78,0
DA:79,0
DA:80,0
DA:82,0
DA:84,0
DA:85,0
DA:86,0
DA:88,0
DA:90,0
DA:92,0
DA:93,0
DA:95,0
DA:96,0
DA:97,0
DA:98,0
DA:101,0
DA:103,0
DA:105,0
DA:107,0
DA:109,0
DA:110,0
DA:111,0
DA:115,0
DA:116,0
DA:117,0
DA:119,0
DA:121,0
DA:122,0
DA:123,0
DA:125,0
DA:127,0
DA:129,0
DA:130,0
DA:131,0
DA:132,0
DA:134,0
DA:136,0
DA:137,0
DA:138,0
DA:139,0
DA:140,0
DA:142,0
DA:144,0
DA:145,0
DA:146,0
DA:147,0
DA:149,0
DA:151,0
DA:153,0
DA:154,0
DA:155,0
DA:157,0
DA:158,0
DA:159,0
DA:161,0
DA:162,0
DA:163,0
DA:164,0
DA:165,0
DA:166,0
DA:167,0
DA:168,0
DA:169,0
DA:170,0
DA:171,0
DA:175,0
DA:176,0
DA:177,0
DA:179,0
DA:181,0
DA:182,0
DA:184,0
DA:186,0
DA:188,0
DA:189,0
DA:190,0
DA:191,0
DA:193,0
DA:195,0
DA:196,0
DA:197,0
DA:198,0
DA:199,0
DA:200,0
DA:202,0
DA:204,0
DA:205,0
DA:206,0
DA:208,0
DA:210,0
DA:212,0
DA:213,0
DA:214,0
DA:216,0
DA:217,0
DA:218,0
DA:220,0
DA:221,0
DA:222,0
DA:223,0
DA:224,0
DA:225,0
DA:226,0
DA:227,0
DA:228,0
DA:229,0
DA:230,0
DA:251,0
DA:252,0
DA:255,0
DA:257,0
DA:259,0
DA:260,0
DA:261,0
DA:262,0
DA:264,0
DA:266,0
DA:267,0
DA:269,0
DA:270,0
DA:272,0
DA:274,0
DA:275,0
DA:276,0
DA:277,0
DA:279,0
DA:281,0
DA:282,0
DA:283,0
DA:284,0
DA:285,0
DA:286,0
DA:287,0
DA:289,0
DA:290,0
DA:293,0
DA:295,0
DA:297,0
DA:298,0
DA:299,0
DA:300,0
DA:301,0
DA:302,0
DA:303,0
DA:304,0
DA:306,0
DA:307,0
DA:309,0
DA:310,0
DA:311,0
DA:312,0
DA:313,0
DA:315,0
DA:316,0
DA:319,0
DA:320,0
DA:323,0
DA:324,0
DA:325,0
DA:326,0
DA:327,0
DA:330,0
DA:331,0
DA:336,0
DA:337,0
DA:338,0
DA:340,0
DA:341,0
DA:342,0
DA:343,0
DA:345,0
DA:346,0
DA:348,0
DA:350,0
DA:351,0
DA:352,0
DA:356,0
DA:357,0
DA:359,0
DA:360,0
DA:361,0
DA:363,0
DA:364,0
DA:365,0
DA:366,0
DA:368,0
DA:370,0
DA:372,0
DA:373,0
DA:375,0
DA:376,0
FN:11,testLiquidateNotCreatedMarket
FNDA:0,testLiquidateNotCreatedMarket
FN:19,testLiquidateZeroAmount
FNDA:0,testLiquidateZeroAmount
FN:27,testLiquidateInconsistentInput
FNDA:0,testLiquidateInconsistentInput
FN:37,testLiquidateHealthyPosition
FNDA:0,testLiquidateHealthyPosition
FN:77,testLiquidateMargin
FNDA:0,testLiquidateMargin
FN:114,testLiquidateSeizedInputNoBadDebtRealized
FNDA:0,testLiquidateSeizedInputNoBadDebtRealized
FN:174,testLiquidateSharesInputNoBadDebtRealized
FNDA:0,testLiquidateSharesInputNoBadDebtRealized
FN:244,testLiquidateBadDebtRealized
FNDA:0,testLiquidateBadDebtRealized
FN:335,testBadDebtOverTotalBorrowAssets
FNDA:0,testBadDebtOverTotalBorrowAssets
FN:355,testSeizedAssetsRoundUp
FNDA:0,testSeizedAssetsRoundUp
end_of_record
SF:/data/MorphoBlue/test/integration/OnlyOwnerIntegrationTest.sol
DA:6,0
DA:11,0
DA:12,0
DA:16,0
DA:17,0
DA:18,0
DA:22,0
DA:24,0
DA:25,0
DA:26,0
DA:30,0
DA:31,0
DA:32,0
DA:36,0
DA:38,0
DA:39,0
DA:40,0
DA:41,0
DA:43,0
DA:47,0
DA:48,0
DA:50,0
DA:51,0
DA:52,0
DA:56,0
DA:57,0
DA:58,0
DA:62,0
DA:64,0
DA:65,0
DA:66,0
DA:67,0
DA:69,0
DA:73,0
DA:74,0
DA:76,0
DA:77,0
DA:78,0
DA:82,0
DA:83,0
DA:84,0
DA:88,0
DA:90,0
DA:91,0
DA:92,0
DA:96,0
DA:98,0
DA:100,0
DA:101,0
DA:102,0
DA:103,0
DA:105,0
DA:109,0
DA:111,0
DA:112,0
DA:113,0
DA:117,0
DA:119,0
DA:120,0
DA:121,0
DA:125,0
DA:127,0
DA:128,0
DA:129,0
DA:133,0
DA:135,0
DA:136,0
DA:137,0
DA:138,0
DA:140,0
DA:144,0
DA:146,0
DA:147,0
DA:148,0
DA:152,0
DA:154,0
DA:155,0
DA:156,0
DA:157,0
DA:159,0
FN:10,testDeployWithAddressZero
FNDA:0,testDeployWithAddressZero
FN:15,testDeployEmitOwner
FNDA:0,testDeployEmitOwner
FN:21,testSetOwnerWhenNotOwner
FNDA:0,testSetOwnerWhenNotOwner
FN:29,testSetOwnerAlreadySet
FNDA:0,testSetOwnerAlreadySet
FN:35,testSetOwner
FNDA:0,testSetOwner
FN:46,testEnableIrmWhenNotOwner
FNDA:0,testEnableIrmWhenNotOwner
FN:55,testEnableIrmAlreadySet
FNDA:0,testEnableIrmAlreadySet
FN:61,testEnableIrm
FNDA:0,testEnableIrm
FN:72,testEnableLltvWhenNotOwner
FNDA:0,testEnableLltvWhenNotOwner
FN:81,testEnableLltvAlreadySet
FNDA:0,testEnableLltvAlreadySet
FN:87,testEnableTooHighLltv
FNDA:0,testEnableTooHighLltv
FN:95,testEnableLltv
FNDA:0,testEnableLltv
FN:108,testSetFeeWhenNotOwner
FNDA:0,testSetFeeWhenNotOwner
FN:116,testSetFeeWhenMarketNotCreated
FNDA:0,testSetFeeWhenMarketNotCreated
FN:124,testSetTooHighFee
FNDA:0,testSetTooHighFee
FN:132,testSetFee
FNDA:0,testSetFee
FN:143,testSetFeeRecipientWhenNotOwner
FNDA:0,testSetFeeRecipientWhenNotOwner
FN:151,testSetFeeRecipient
FNDA:0,testSetFeeRecipient
end_of_record
SF:/data/MorphoBlue/test/integration/RepayIntegrationTest.sol
DA:6,0
DA:12,0
DA:14,0
DA:15,0
DA:19,0
DA:20,0
DA:24,0
DA:25,0
DA:27,0
DA:28,0
DA:32,0
DA:33,0
DA:34,0
DA:45,0
DA:47,0
DA:48,0
DA:50,0
DA:52,0
DA:53,0
DA:54,0
DA:56,0
DA:57,0
DA:59,0
DA:60,0
DA:61,0
DA:62,0
DA:64,0
DA:65,0
DA:66,0
DA:67,0
DA:69,0
DA:71,0
DA:72,0
DA:73,0
DA:74,0
DA:75,0
DA:76,0
DA:77,0
DA:88,0
DA:90,0
DA:91,0
DA:93,0
DA:95,0
DA:96,0
DA:97,0
DA:99,0
DA:100,0
DA:102,0
DA:103,0
DA:104,0
DA:105,0
DA:107,0
DA:109,0
DA:110,0
DA:111,0
DA:113,0
DA:115,0
DA:116,0
DA:117,0
DA:118,0
DA:119,0
DA:120,0
DA:121,0
DA:122,0
DA:123,0
DA:129,0
DA:131,0
DA:133,0
DA:135,0
DA:137,0
DA:139,0
DA:141,0
DA:142,0
DA:144,0
DA:146,0
FN:11,testRepayMarketNotCreated
FNDA:0,testRepayMarketNotCreated
FN:18,testRepayZeroAmount
FNDA:0,testRepayZeroAmount
FN:23,testRepayInconsistentInput
FNDA:0,testRepayInconsistentInput
FN:31,testRepayOnBehalfZeroAddress
FNDA:0,testRepayOnBehalfZeroAddress
FN:37,testRepayAssets
FNDA:0,testRepayAssets
FN:80,testRepayShares
FNDA:0,testRepayShares
FN:128,testRepayMax
FNDA:0,testRepayMax
end_of_record
SF:/data/MorphoBlue/test/integration/SupplyCollateralIntegrationTest.sol
DA:6,0
DA:10,0
DA:12,0
DA:13,0
DA:14,0
DA:18,0
DA:19,0
DA:20,0
DA:24,0
DA:26,0
DA:27,0
DA:28,0
DA:32,0
DA:34,0
DA:36,0
DA:37,0
DA:39,0
DA:40,0
DA:44,0
DA:46,0
DA:48,0
DA:50,0
DA:51,0
DA:52,0
DA:54,0
DA:55,0
DA:56,0
FN:9,testSupplyCollateralMarketNotCreated
FNDA:0,testSupplyCollateralMarketNotCreated
FN:17,testSupplyCollateralZeroAmount
FNDA:0,testSupplyCollateralZeroAmount
FN:23,testSupplyCollateralOnBehalfZeroAddress
FNDA:0,testSupplyCollateralOnBehalfZeroAddress
FN:31,testSupplyCollateralTokenNotCreated
FNDA:0,testSupplyCollateralTokenNotCreated
FN:43,testSupplyCollateral
FNDA:0,testSupplyCollateral
end_of_record
SF:/data/MorphoBlue/test/integration/SupplyIntegrationTest.sol
DA:6,0
DA:12,0
DA:14,0
DA:15,0
DA:16,0
DA:20,0
DA:22,0
DA:23,0
DA:24,0
DA:28,0
DA:30,0
DA:31,0
DA:32,0
DA:36,0
DA:37,0
DA:39,0
DA:40,0
DA:41,0
DA:45,0
DA:47,0
DA:49,0
DA:50,0
DA:52,0
DA:53,0
DA:57,0
DA:59,0
DA:61,0
DA:63,0
DA:65,0
DA:66,0
DA:67,0
DA:69,0
DA:70,0
DA:71,0
DA:72,0
DA:73,0
DA:74,0
DA:75,0
DA:79,0
DA:81,0
DA:83,0
DA:85,0
DA:87,0
DA:88,0
DA:89,0
DA:91,0
DA:92,0
DA:93,0
DA:94,0
DA:95,0
DA:96,0
DA:97,0
FN:11,testSupplyMarketNotCreated
FNDA:0,testSupplyMarketNotCreated
FN:19,testSupplyZeroAmount
FNDA:0,testSupplyZeroAmount
FN:27,testSupplyOnBehalfZeroAddress
FNDA:0,testSupplyOnBehalfZeroAddress
FN:35,testSupplyInconsistentInput
FNDA:0,testSupplyInconsistentInput
FN:44,testSupplyTokenNotCreated
FNDA:0,testSupplyTokenNotCreated
FN:56,testSupplyAssets
FNDA:0,testSupplyAssets
FN:78,testSupplyShares
FNDA:0,testSupplyShares
[...]
FN:83,testWithdrawCollateral
FNDA:0,testWithdrawCollateral
FN:122,testWithdrawCollateralOnBehalf
FNDA:0,testWithdrawCollateralOnBehalf
end_of_record
SF:/data/MorphoBlue/test/integration/WithdrawIntegrationTest.sol
DA:6,0
DA:12,0
DA:14,0
DA:15,0
DA:19,0
DA:21,0
DA:22,0
DA:24,0
DA:25,0
DA:29,0
DA:30,0
DA:32,0
DA:33,0
DA:35,0
DA:36,0
DA:40,0
DA:42,0
DA:43,0
DA:45,0
DA:46,0
DA:50,0
DA:51,0
DA:53,0
DA:54,0
DA:56,0
DA:57,0
DA:58,0
DA:62,0
DA:63,0
DA:64,0
DA:66,0
DA:68,0
DA:69,0
DA:71,0
DA:73,0
DA:74,0
DA:75,0
DA:76,0
DA:78,0
DA:79,0
DA:80,0
DA:84,0
DA:85,0
DA:86,0
DA:87,0
DA:88,0
DA:90,0
DA:91,0
DA:92,0
DA:94,0
DA:95,0
DA:96,0
DA:97,0
DA:99,0
DA:100,0
DA:102,0
DA:103,0
DA:104,0
DA:105,0
DA:107,0
DA:109,0
DA:110,0
DA:111,0
DA:112,0
DA:113,0
DA:114,0
DA:115,0
DA:116,0
DA:117,0
DA:122,0
DA:123,0
DA:124,0
DA:126,0
DA:127,0
DA:128,0
DA:129,0
DA:131,0
DA:132,0
DA:134,0
DA:135,0
DA:136,0
DA:138,0
DA:139,0
DA:140,0
DA:141,0
DA:143,0
DA:144,0
DA:145,0
DA:146,0
DA:148,0
DA:150,0
DA:151,0
DA:152,0
DA:153,0
DA:154,0
DA:155,0
DA:157,0
DA:158,0
DA:166,0
DA:167,0
DA:168,0
DA:169,0
DA:170,0
DA:172,0
DA:173,0
DA:175,0
DA:176,0
DA:177,0
DA:178,0
DA:179,0
DA:181,0
DA:182,0
DA:184,0
DA:186,0
DA:188,0
DA:189,0
DA:190,0
DA:191,0
DA:193,0
DA:195,0
DA:196,0
DA:197,0
DA:198,0
DA:199,0
DA:200,0
DA:202,0
DA:209,0
DA:210,0
DA:211,0
DA:213,0
DA:214,0
DA:215,0
DA:216,0
DA:218,0
DA:219,0
DA:221,0
DA:222,0
DA:224,0
DA:225,0
DA:226,0
DA:227,0
DA:228,0
DA:230,0
DA:232,0
DA:234,0
DA:235,0
DA:236,0
DA:237,0
DA:239,0
DA:241,0
DA:242,0
DA:243,0
DA:244,0
DA:245,0
DA:246,0
DA:248,0
DA:249,0
FN:11,testWithdrawMarketNotCreated
FNDA:0,testWithdrawMarketNotCreated
FN:18,testWithdrawZeroAmount
FNDA:0,testWithdrawZeroAmount
FN:28,testWithdrawInconsistentInput
FNDA:0,testWithdrawInconsistentInput
FN:39,testWithdrawToZeroAddress
FNDA:0,testWithdrawToZeroAddress
FN:49,testWithdrawUnauthorized
FNDA:0,testWithdrawUnauthorized
FN:61,testWithdrawInsufficientLiquidity
FNDA:0,testWithdrawInsufficientLiquidity
FN:83,testWithdrawAssets
FNDA:0,testWithdrawAssets
FN:121,testWithdrawShares
FNDA:0,testWithdrawShares
FN:163,testWithdrawAssetsOnBehalf
FNDA:0,testWithdrawAssetsOnBehalf
FN:206,testWithdrawSharesOnBehalf
FNDA:0,testWithdrawSharesOnBehalf
end_of_record
SF:/data/MorphoBlue/test/invariant/BaseInvariantTest.sol
DA:18,0
DA:22,0
DA:23,0
DA:24,0
DA:25,0
DA:26,0
DA:27,0
DA:28,0
DA:29,0
DA:31,0
DA:33,0
DA:35,0
DA:36,0
DA:37,0
DA:38,0
DA:39,0
DA:40,0
DA:41,0
DA:44,0
DA:45,0
DA:46,0
DA:47,0
DA:49,0
DA:54,0
DA:58,0
DA:59,0
DA:60,0
DA:65,0
DA:66,0
DA:67,0
DA:72,0
DA:79,0
DA:81,0
DA:82,0
DA:89,0
DA:91,0
DA:93,0
DA:94,0
DA:103,0
DA:104,0
DA:105,0
DA:114,0
DA:115,0
DA:116,0
DA:123,0
DA:125,0
DA:126,0
DA:133,0
DA:135,0
DA:137,0
DA:138,0
DA:145,0
DA:147,0
DA:148,0
DA:153,0
DA:156,0
DA:157,0
DA:164,0
DA:165,0
DA:166,0
DA:167,0
DA:168,0
DA:169,0
DA:170,0
DA:172,0
DA:174,0
DA:175,0
DA:182,0
DA:184,0
DA:186,0
DA:187,0
DA:193,0
DA:194,0
DA:196,0
DA:197,0
DA:199,0
DA:200,0
DA:204,0
DA:206,0
DA:208,0
DA:209,0
DA:211,0
DA:215,0
DA:217,0
DA:219,0
DA:220,0
DA:222,0
DA:228,0
DA:230,0
DA:232,0
DA:233,0
DA:235,0
DA:236,0
DA:238,0
DA:244,0
DA:246,0
DA:248,0
DA:249,0
DA:251,0
DA:252,0
DA:254,0
DA:258,0
DA:260,0
DA:261,0
DA:263,0
DA:264,0
DA:266,0
DA:270,0
DA:272,0
DA:273,0
DA:275,0
DA:276,0
DA:278,0
DA:282,0
DA:284,0
DA:286,0
DA:287,0
DA:289,0
DA:298,0
DA:300,0
DA:302,0
DA:303,0
DA:305,0
DA:306,0
DA:308,0
DA:312,0
DA:314,0
DA:315,0
DA:317,0
DA:318,0
DA:320,0
DA:324,0
DA:326,0
DA:327,0
DA:329,0
DA:330,0
DA:332,0
FN:21,setUp
FNDA:0,setUp
FN:53,_targetSenders
FNDA:0,_targetSenders
FN:71,_randomMarket
FNDA:0,_randomMarket
FN:75,_supplyAssets
FNDA:0,_supplyAssets
FN:85,_supplyShares
FNDA:0,_supplyShares
FN:97,_withdraw
FNDA:0,_withdraw
FN:108,_borrow
FNDA:0,_borrow
FN:119,_repayAssets
FNDA:0,_repayAssets
FN:129,_repayShares
FNDA:0,_repayShares
FN:141,_supplyCollateral
FNDA:0,_supplyCollateral
FN:151,_withdrawCollateral
FNDA:0,_withdrawCollateral
FN:160,_liquidateSeizedAssets
FNDA:0,_liquidateSeizedAssets
FN:178,_liquidateRepaidShares
FNDA:0,_liquidateRepaidShares
FN:192,setFeeNoRevert
FNDA:0,setFeeNoRevert
FN:203,supplyAssetsOnBehalfNoRevert
FNDA:0,supplyAssetsOnBehalfNoRevert
FN:214,supplySharesOnBehalfNoRevert
FNDA:0,supplySharesOnBehalfNoRevert
FN:225,withdrawAssetsOnBehalfNoRevert
FNDA:0,withdrawAssetsOnBehalfNoRevert
FN:241,borrowAssetsOnBehalfNoRevert
FNDA:0,borrowAssetsOnBehalfNoRevert
FN:257,repayAssetsOnBehalfNoRevert
FNDA:0,repayAssetsOnBehalfNoRevert
FN:269,repaySharesOnBehalfNoRevert
FNDA:0,repaySharesOnBehalfNoRevert
FN:281,supplyCollateralOnBehalfNoRevert
FNDA:0,supplyCollateralOnBehalfNoRevert
FN:292,withdrawCollateralOnBehalfNoRevert
FNDA:0,withdrawCollateralOnBehalfNoRevert
FN:311,liquidateSeizedAssetsNoRevert
FNDA:0,liquidateSeizedAssetsNoRevert
FN:323,liquidateRepaidSharesNoRevert
FNDA:0,liquidateRepaidSharesNoRevert
end_of_record
SF:/data/MorphoBlue/test/invariant/DynamicInvariantTest.sol
DA:10,0
DA:11,0
DA:14,0
DA:15,0
DA:16,0
DA:17,0
DA:18,0
DA:20,0
DA:26,0
DA:28,0
DA:34,0
DA:36,0
DA:37,0
DA:38,0
DA:40,0
DA:41,0
DA:42,0
DA:45,0
DA:50,0
DA:52,0
DA:53,0
DA:54,0
DA:56,0
DA:57,0
DA:58,0
DA:61,0
DA:66,0
DA:67,0
DA:68,0
DA:70,0
DA:75,0
DA:76,0
DA:77,0
DA:79,0
DA:80,0
DA:86,0
DA:88,0
DA:89,0
DA:90,0
DA:92,0
DA:93,0
DA:95,0
DA:96,0
DA:97,0
DA:98,0
DA:99,0
FN:13,setUp
FNDA:0,setUp
FN:25,setPrice
FNDA:0,setPrice
FN:33,invariantSupplyShares
FNDA:0,invariantSupplyShares
FN:49,invariantBorrowShares
FNDA:0,invariantBorrowShares
FN:65,invariantTotalSupplyGeTotalBorrow
FNDA:0,invariantTotalSupplyGeTotalBorrow
FN:74,invariantMorphoBalance
FNDA:0,invariantMorphoBalance
FN:85,invariantBadDebt
FNDA:0,invariantBadDebt
end_of_record
SF:/data/MorphoBlue/test/invariant/StaticInvariantTest.sol
DA:6,0
DA:10,0
DA:12,0
DA:13,0
DA:15,0
DA:16,0
FN:9,invariantHealthy
FNDA:0,invariantHealthy
end_of_record
SF:/data/MorphoBlue/test/libraries/MathLibTest.sol
DA:9,0
DA:14,0
DA:15,0
DA:16,0
DA:17,0
DA:18,0
DA:19,0
DA:20,0
DA:26,0
DA:29,0
DA:34,0
DA:41,0
DA:42,0
DA:44,0
DA:45,0
DA:50,0
DA:51,0
DA:55,0
DA:56,0
DA:57,0
DA:59,0
DA:64,0
DA:72,0
DA:73,0
DA:75,0
DA:76,0
DA:81,0
DA:83,0
DA:84,0
DA:89,0
FN:12,testWTaylorCompounded
FNDA:0,testWTaylorCompounded
FN:23,testMulDivDown
FNDA:0,testMulDivDown
FN:33,testMulDivDownOverflow
FNDA:0,testMulDivDownOverflow
FN:49,testMulDivDownZeroDenominator
FNDA:0,testMulDivDownZeroDenominator
FN:54,testMulDivUp
FNDA:0,testMulDivUp
FN:63,testMulDivUpOverflow
FNDA:0,testMulDivUpOverflow
FN:80,testMulDivUpUnderverflow
FNDA:0,testMulDivUpUnderverflow
FN:88,testMulDivUpZeroDenominator
FNDA:0,testMulDivUpZeroDenominator
end_of_record
SF:/data/MorphoBlue/test/libraries/SafeTransferLibTest.sol
DA:10,0
DA:11,0
DA:14,0
DA:15,0
DA:20,0
DA:21,0
DA:25,0
DA:30,0
DA:31,0
DA:33,0
DA:34,0
DA:35,0
DA:36,0
DA:39,0
DA:41,0
DA:42,0
DA:43,0
DA:47,0
DA:51,0
DA:54,0
DA:55,0
DA:58,0
DA:59,0
DA:63,0
DA:65,0
DA:69,0
DA:71,0
DA:75,0
DA:77,0
DA:78,0
DA:82,0
DA:84,0
DA:85,0
DA:89,0
DA:91,0
DA:92,0
DA:96,0
DA:98,0
DA:99,0
DA:103,0
DA:107,0
FN:13,transfer
FNDA:0,transfer
FN:18,transferFrom
FNDA:0,transferFrom
FN:24,setBalance
FNDA:0,setBalance
FN:33,transfer
FNDA:0,transfer
FN:39,transferFrom
FNDA:0,transferFrom
FN:46,setBalance
FNDA:0,setBalance
FN:57,setUp
FNDA:0,setUp
FN:62,testSafeTransfer
FNDA:0,testSafeTransfer
FN:68,testSafeTransferFrom
FNDA:0,testSafeTransferFrom
FN:74,testSafeTransferWithBoolFalse
FNDA:0,testSafeTransferWithBoolFalse
FN:81,testSafeTransferFromWithBoolFalse
FNDA:0,testSafeTransferFromWithBoolFalse
FN:88,testSafeTransferTokenNotCreated
FNDA:0,testSafeTransferTokenNotCreated
FN:95,testSafeTransferFromTokenNotCreated
FNDA:0,testSafeTransferFromTokenNotCreated
FN:102,safeTransfer
FNDA:0,safeTransfer
FN:106,safeTransferFrom
FNDA:0,safeTransferFrom
end_of_record
SF:/data/MorphoBlue/test/libraries/UtilsLibTest.sol
DA:9,0
DA:13,0
DA:17,0
DA:21,0
DA:22,0
DA:27,0
DA:28,0
DA:29,0
DA:33,0
FN:12,testExactlyOneZero
FNDA:0,testExactlyOneZero
FN:16,testMin
FNDA:0,testMin
FN:20,testToUint128
FNDA:0,testToUint128
FN:26,testToUint128Revert
FNDA:0,testToUint128Revert
FN:32,testZeroFloorSub
FNDA:0,testZeroFloorSub
end_of_record
SF:/data/MorphoBlue/test/libraries/periphery/MorphoBalancesLibTest.sol
DA:6,0
DA:15,0
DA:18,0
DA:22,0
DA:24,0
DA:26,0
DA:27,0
DA:28,0
DA:29,0
DA:35,0
DA:37,0
DA:39,0
DA:41,0
DA:47,0
DA:49,0
DA:51,0
DA:53,0
DA:62,0
DA:64,0
DA:66,0
DA:68,0
DA:74,0
DA:76,0
DA:78,0
DA:80,0
DA:81,0
DA:89,0
DA:91,0
DA:93,0
DA:95,0
DA:96,0
DA:98,0
DA:104,0
DA:105,0
DA:106,0
DA:107,0
DA:110,0
DA:111,0
DA:112,0
DA:114,0
DA:115,0
DA:116,0
DA:118,0
DA:119,0
DA:120,0
DA:121,0
DA:124,0
DA:125,0
DA:126,0
DA:127,0
DA:128,0
DA:131,0
DA:132,0
DA:136,0
FN:12,testVirtualAccrueInterest
FNDA:0,testVirtualAccrueInterest
FN:32,testExpectedTotalSupply
FNDA:0,testExpectedTotalSupply
FN:44,testExpectedTotalBorrow
FNDA:0,testExpectedTotalBorrow
FN:56,testExpectedTotalSupplyShares
FNDA:0,testExpectedTotalSupplyShares
FN:71,testExpectedSupplyBalance
FNDA:0,testExpectedSupplyBalance
FN:86,testExpectedBorrowBalance
FNDA:0,testExpectedBorrowBalance
FN:101,_generatePendingInterest
FNDA:0,_generatePendingInterest
end_of_record
SF:/data/MorphoBlue/test/libraries/periphery/MorphoLibTest.sol
DA:6,0
DA:15,0
DA:16,0
DA:17,0
DA:18,0
DA:21,0
DA:22,0
DA:23,0
DA:27,0
DA:29,0
DA:30,0
DA:32,0
DA:33,0
DA:34,0
DA:37,0
DA:38,0
DA:39,0
DA:40,0
DA:41,0
DA:44,0
DA:45,0
DA:49,0
DA:51,0
DA:52,0
DA:56,0
DA:58,0
DA:59,0
DA:63,0
DA:65,0
DA:66,0
DA:72,0
DA:74,0
DA:75,0
DA:81,0
DA:83,0
DA:84,0
DA:90,0
DA:92,0
DA:93,0
DA:99,0
DA:101,0
DA:102,0
DA:106,0
DA:108,0
DA:109,0
DA:113,0
DA:115,0
DA:116,0
FN:10,_testMorphoLibCommon
FNDA:0,_testMorphoLibCommon
FN:48,testSupplyShares
FNDA:0,testSupplyShares
FN:55,testBorrowShares
FNDA:0,testBorrowShares
FN:62,testCollateral
FNDA:0,testCollateral
FN:69,testTotalSupplyAssets
FNDA:0,testTotalSupplyAssets
FN:78,testTotalSupplyShares
FNDA:0,testTotalSupplyShares
FN:87,testTotalBorrowAssets
FNDA:0,testTotalBorrowAssets
FN:96,testTotalBorrowShares
FNDA:0,testTotalBorrowShares
FN:105,testLastUpdate
FNDA:0,testLastUpdate
FN:112,testFee
FNDA:0,testFee
end_of_record
SF:/data/MorphoBlue/test/libraries/periphery/MorphoStorageLibTest.sol
DA:9,0
DA:17,0
DA:18,0
DA:19,0
DA:20,0
DA:23,0
DA:24,0
DA:26,0
DA:27,0
DA:29,0
DA:30,0
DA:31,0
DA:34,0
DA:35,0
DA:36,0
DA:37,0
DA:38,0
DA:41,0
DA:42,0
DA:44,0
DA:45,0
DA:46,0
DA:48,0
DA:51,0
DA:55,0
DA:56,0
DA:58,0
DA:60,0
DA:61,0
DA:62,0
DA:63,0
DA:64,0
DA:65,0
DA:66,0
DA:67,0
DA:68,0
DA:69,0
DA:70,0
DA:71,0
DA:72,0
DA:73,0
DA:74,0
DA:75,0
DA:76,0
DA:78,0
DA:80,0
DA:81,0
DA:82,0
DA:83,0
DA:84,0
DA:85,0
DA:86,0
DA:87,0
DA:88,0
DA:89,0
DA:90,0
DA:91,0
DA:92,0
DA:93,0
DA:94,0
DA:96,0
DA:98,0
DA:99,0
DA:100,0
DA:101,0
DA:102,0
FN:14,testStorage
FNDA:0,testStorage
end_of_record
SF:/data/MorphoBlue/test/recon/BeforeAfter.sol
DA:24,652666
DA:25,2064332
DA:26,2263989
DA:30,18298064
DA:31,73192256
DA:32,54894192
DA:33,54894192
DA:34,54894192
DA:35,54894192
DA:36,54894192
DA:37,54894192
DA:38,54894192
DA:39,54894192
DA:40,54894192
DA:45,10215122
DA:49,8082942
DA:50,32331768
DA:52,24248826
DA:54,24248826
DA:55,2465022
FN:29,_snapshot
FNDA:1,_snapshot
FN:44,__before
FNDA:1,__before
FN:48,__after
FNDA:1,__after
end_of_record
SF:/data/MorphoBlue/test/recon/CryticTester.sol
DA:10,23341396
DA:12,1
end_of_record
SF:/data/MorphoBlue/test/recon/CryticToFoundry.sol
DA:16,0
DA:20,0
DA:22,0
DA:28,0
DA:32,0
DA:36,0
DA:40,0
DA:44,0
DA:50,0
DA:54,0
DA:58,0
DA:59,0
DA:60,0
DA:61,0
DA:63,0
DA:64,0
DA:65,0
DA:66,0
DA:71,0
DA:72,0
DA:75,0
DA:76,0
DA:77,0
DA:80,0
DA:81,0
DA:82,0
DA:83,0
DA:84,0
DA:87,0
DA:90,0
DA:91,0
DA:92,0
DA:93,0
DA:96,0
DA:97,0
DA:98,0
DA:99,0
DA:100,0
DA:102,0
DA:103,0
DA:104,0
FN:19,setUp
FNDA:0,setUp
FN:27,invariant_borrow_le_supply
FNDA:0,invariant_borrow_le_supply
FN:31,invariant_no_borrower_without_collateral
FNDA:0,invariant_no_borrower_without_collateral
FN:35,invariant_loan_token_solvency
FNDA:0,invariant_loan_token_solvency
FN:39,invariant_collateral_solvency
FNDA:0,invariant_collateral_solvency
FN:43,invariant_fee_le_max
FNDA:0,invariant_fee_le_max
FN:49,onMorphoSupply
FNDA:0,onMorphoSupply
FN:50,onMorphoRepay
FNDA:0,onMorphoRepay
FN:51,onMorphoSupplyCollateral
FNDA:0,onMorphoSupplyCollateral
FN:53,test_setOwner_coverage
FNDA:0,test_setOwner_coverage
FN:57,test_callback_coverage
FNDA:0,test_callback_coverage
FN:70,test_badDebt_supply_share_value
FNDA:0,test_badDebt_supply_share_value
end_of_record
SF:/data/MorphoBlue/test/recon/Properties.sol
DA:20,7636
DA:21,5727
DA:22,5727
DA:23,5727
DA:30,1214
DA:31,4856
DA:32,3642
DA:33,14568
DA:34,10926
DA:35,10926
DA:42,72929
DA:43,62332
DA:44,62332
DA:45,62332
DA:46,62332
DA:52,95770
DA:53,338836
DA:54,257814
DA:55,257814
DA:56,1031256
DA:57,773442
DA:58,773442
DA:60,257814
DA:61,257814
DA:67,6124
DA:68,4593
DA:69,4593
DA:70,4593
FN:19,property_borrow_le_supply
FNDA:1,property_borrow_le_supply
FN:29,property_no_borrower_without_collateral
FNDA:1,property_no_borrower_without_collateral
FN:41,property_loan_token_solvency
FNDA:1,property_loan_token_solvency
FN:51,property_collateral_solvency
FNDA:1,property_collateral_solvency
FN:66,property_fee_le_max
FNDA:1,property_fee_le_max
end_of_record
SF:/data/MorphoBlue/test/recon/Setup.sol
DA:33,1
DA:34,1
DA:35,1
DA:37,1
DA:38,1
DA:39,1
DA:40,1
DA:42,1
DA:43,1
DA:46,1
DA:47,1
DA:48,1
DA:52,3
DA:53,3
DA:55,3
DA:57,3
DA:58,3
DA:61,3
DA:62,3
DA:63,3
DA:64,3
DA:65,3
DA:66,3
DA:71,611853
DA:76,1670030
FN:31,setup
FNDA:1,setup
FN:51,_createNewMarket
FNDA:1,_createNewMarket
end_of_record
SF:/data/MorphoBlue/test/recon/TargetFunctions.sol
DA:41,576876
DA:42,576876
DA:43,576876
DA:47,492588
DA:48,492588
DA:49,492588
DA:55,597048
DA:56,597048
DA:57,597048
DA:58,597048
DA:62,374084
DA:63,374084
DA:64,374084
DA:65,374084
DA:66,374084
DA:67,146122
DA:68,146122
DA:69,146122
DA:70,144514
DA:71,144514
DA:77,576728
DA:78,576728
DA:79,576728
DA:80,576728
DA:84,431926
DA:85,431926
DA:86,431926
DA:87,431926
DA:88,431926
DA:89,140508
DA:90,140508
DA:96,439813
DA:97,439813
DA:98,439813
DA:99,439813
DA:103,424619
DA:104,424619
DA:105,424619
DA:106,424619
DA:107,424619
DA:108,68638
DA:109,68638
DA:110,68638
DA:111,68638
DA:112,68638
DA:118,401180
DA:119,401180
DA:120,401180
DA:121,401180
DA:122,401180
DA:123,401180
DA:124,401180
DA:125,39520
DA:126,39520
DA:133,389826
DA:134,389826
DA:140,652666
DA:141,652666
DA:147,387626
DA:148,387626
DA:149,387626
DA:155,420813
DA:156,420813
DA:157,420813
DA:158,420813
DA:159,420813
DA:160,420813
DA:161,420813
DA:162,420813
DA:163,119196
DA:164,119196
DA:165,119196
DA:166,118107
DA:167,118107
DA:168,118107
DA:172,383883
DA:173,383883
DA:174,383883
DA:175,383883
DA:176,383883
DA:177,383883
DA:178,383883
DA:179,383883
DA:185,593447
DA:186,593447
DA:187,593447
DA:188,593447
DA:192,481282
DA:193,481282
DA:194,481282
DA:195,481282
DA:196,481282
DA:197,200796
DA:198,200796
DA:202,452602
DA:203,452602
DA:204,452602
DA:205,452602
DA:209,594946
DA:210,594946
DA:211,594946
DA:212,594946
DA:213,594946
DA:214,43679
DA:215,43679
DA:219,384450
DA:220,384450
DA:221,384450
DA:222,384450
DA:223,384450
DA:224,384450
DA:225,384450
DA:226,18612
DA:227,18612
DA:233,487373
DA:234,487373
DA:235,487373
DA:236,487373
DA:237,487373
DA:243,399785
DA:244,399785
DA:245,399785
DA:246,399785
DA:253,515256
DA:254,515256
DA:255,515256
DA:256,515256
DA:257,515256
DA:258,515256
DA:259,515256
DA:260,515256
DA:261,515256
DA:262,515256
DA:263,510983
DA:264,502759
DA:265,294852
DA:273,511656
DA:274,511656
DA:275,511656
DA:276,511656
DA:277,511656
DA:278,511656
DA:279,511656
DA:280,511656
DA:281,511656
DA:282,511656
DA:283,480034
DA:284,476324
DA:285,332345
DA:286,332345
DA:287,332345
DA:288,332345
DA:289,332345
DA:290,332345
FN:40,morpho_setFee_clamped
FNDA:1,morpho_setFee_clamped
FN:46,morpho_setFeeRecipient_clamped
FNDA:1,morpho_setFeeRecipient_clamped
FN:54,morpho_supply_clamped
FNDA:1,morpho_supply_clamped
FN:61,morpho_withdraw_clamped
FNDA:1,morpho_withdraw_clamped
FN:76,morpho_supplyCollateral_clamped
FNDA:1,morpho_supplyCollateral_clamped
FN:83,morpho_withdrawCollateral_clamped
FNDA:1,morpho_withdrawCollateral_clamped
FN:95,morpho_borrow_clamped
FNDA:1,morpho_borrow_clamped
FN:102,morpho_repay_clamped
FNDA:1,morpho_repay_clamped
FN:117,morpho_liquidate_clamped
FNDA:1,morpho_liquidate_clamped
FN:132,oracleMock_setPrice_clamped
FNDA:1,oracleMock_setPrice_clamped
FN:139,morpho_accrueInterest_clamped
FNDA:1,morpho_accrueInterest_clamped
FN:146,morpho_setAuthorization_clamped
FNDA:1,morpho_setAuthorization_clamped
FN:154,morpho_withdraw_onBehalf_clamped
FNDA:1,morpho_withdraw_onBehalf_clamped
FN:171,morpho_borrow_onBehalf_clamped
FNDA:1,morpho_borrow_onBehalf_clamped
FN:184,morpho_supply_shares_clamped
FNDA:1,morpho_supply_shares_clamped
FN:191,morpho_withdraw_shares_clamped
FNDA:1,morpho_withdraw_shares_clamped
FN:201,morpho_borrow_shares_clamped
FNDA:1,morpho_borrow_shares_clamped
FN:208,morpho_repay_shares_clamped
FNDA:1,morpho_repay_shares_clamped
FN:218,morpho_liquidate_repayShares_clamped
FNDA:1,morpho_liquidate_repayShares_clamped
FN:232,morpho_flashLoan_clamped
FNDA:1,morpho_flashLoan_clamped
FN:242,guided_accrueInterest
FNDA:1,guided_accrueInterest
FN:252,guided_supplyBorrow
FNDA:1,guided_supplyBorrow
FN:269,guided_crashAndLiquidate
FNDA:1,guided_crashAndLiquidate
end_of_record
SF:/data/MorphoBlue/test/recon/targets/AdminTargets.sol
DA:19,470502
DA:20,470502
FN:18,morpho_enableLltv_clamped
FNDA:1,morpho_enableLltv_clamped
end_of_record
SF:/data/MorphoBlue/test/recon/targets/DoomsdayTargets.sol
DA:28,1002328
DA:29,1194513
DA:34,429302
DA:35,429302
DA:36,429302
DA:37,429302
DA:38,429302
DA:39,429302
DA:40,429302
DA:41,35432
DA:46,419219
DA:47,419219
DA:48,193435
DA:49,193435
DA:50,193435
DA:51,193435
DA:52,193435
DA:59,395277
DA:60,395277
DA:61,395277
DA:62,395277
DA:63,395277
DA:64,395277
DA:65,15329
DA:66,15329
DA:67,15329
DA:68,15329
DA:69,12196
DA:70,9827
FN:33,property_liquidate_every_position
FNDA:1,property_liquidate_every_position
FN:45,property_supply_share_value_nondecreasing
FNDA:1,property_supply_share_value_nondecreasing
FN:58,property_position_health
FNDA:1,property_position_health
end_of_record
SF:/data/MorphoBlue/test/recon/targets/ERC20MockTargets.sol
FN:24,eRC20Mock_approve
FNDA:0,eRC20Mock_approve
FN:28,eRC20Mock_setBalance
FNDA:0,eRC20Mock_setBalance
FN:32,eRC20Mock_transfer
FNDA:0,eRC20Mock_transfer
FN:36,eRC20Mock_transferFrom
FNDA:0,eRC20Mock_transferFrom
end_of_record
SF:/data/MorphoBlue/test/recon/targets/ManagersTargets.sol
DA:23,405998
DA:29,476303
DA:33,538721
DA:34,538721
DA:45,479712
DA:50,611853
FN:22,switchActor
FNDA:1,switchActor
FN:28,switch_asset
FNDA:1,switch_asset
FN:33,add_new_asset
FNDA:1,add_new_asset
FN:44,asset_approve
FNDA:1,asset_approve
FN:49,asset_mint
FNDA:1,asset_mint
end_of_record
SF:/data/MorphoBlue/test/recon/targets/MorphoTargets.sol
DA:25,406239
DA:29,1333996
DA:33,425559
DA:37,597218
DA:41,476723
DA:45,451986
DA:49,547978
DA:53,584481
DA:57,518394
DA:61,383255
DA:65,523976
DA:69,411571
DA:73,507825
DA:77,1670030
DA:81,1022513
DA:85,826253
DA:89,627441
FN:24,morpho_accrueInterest
FNDA:1,morpho_accrueInterest
FN:28,morpho_borrow
FNDA:1,morpho_borrow
FN:32,morpho_createMarket
FNDA:1,morpho_createMarket
FN:36,morpho_enableIrm
FNDA:1,morpho_enableIrm
FN:40,morpho_enableLltv
FNDA:1,morpho_enableLltv
FN:44,morpho_flashLoan
FNDA:1,morpho_flashLoan
FN:48,morpho_liquidate
FNDA:1,morpho_liquidate
FN:52,morpho_repay
FNDA:1,morpho_repay
FN:56,morpho_setAuthorization
FNDA:1,morpho_setAuthorization
FN:60,morpho_setAuthorizationWithSig
FNDA:1,morpho_setAuthorizationWithSig
FN:64,morpho_setFee
FNDA:1,morpho_setFee
FN:68,morpho_setFeeRecipient
FNDA:1,morpho_setFeeRecipient
FN:72,morpho_setOwner
FNDA:1,morpho_setOwner
FN:76,morpho_supply
FNDA:1,morpho_supply
FN:80,morpho_supplyCollateral
FNDA:1,morpho_supplyCollateral
FN:84,morpho_withdraw
FNDA:1,morpho_withdraw
FN:88,morpho_withdrawCollateral
FNDA:1,morpho_withdrawCollateral
end_of_record
SF:/data/MorphoBlue/test/recon/targets/OracleMockTargets.sol
FN:24,oracleMock_setPrice
FNDA:0,oracleMock_setPrice
end_of_record
